ð½P


 Socsim Version: STANDARD-UNENHANCED-VERSION

openning sample.sup 
starting  with line 393582495 at 393582495
number of segments: 1
duration: 3000
no heterogeneous fertility
find random fathers 1
marriage_eval : 2

agedif_mariage_mean (group 1)  : 2.000000

agedif_mariage_sd (group 1) : 3.000000

marriage_queues : 1

loading ratefile.min ... openning ratefile.min 
starting  with line 393582495 at 393582495
reading rates for: transit from 1 to 2
reading rates for: transit from 2 to 3
reading rates for: transit from 3 to 4
reading rates for: transit from 4 to 1
reading rates for: transit from 4 to 3
done loading ratefile.min
offset 393582495 line393582495


 Adjusting fertility rates for 9 month birth interval 
reading fertility rates for: group=1 mstat=1 parity=0
+
topAge: 181  width: 1 lambda: 0.001667 
topAge: 182  width: 1 lambda: 0.001670 
topAge: 183  width: 1 lambda: 0.001673 
topAge: 184  width: 1 lambda: 0.001675 
topAge: 185  width: 1 lambda: 0.001678 
topAge: 186  width: 1 lambda: 0.001681 
topAge: 187  width: 1 lambda: 0.001684 
topAge: 188  width: 1 lambda: 0.001687 
topAge: 189  width: 1 lambda: 0.001690 
topAge: 190  width: 1 lambda: 0.001692 
topAge: 191  width: 1 lambda: 0.001692 
topAge: 192  width: 1 lambda: 0.001692 
topAge: 193  width: 1 lambda: 0.001692 
topAge: 194  width: 1 lambda: 0.001692 
topAge: 195  width: 1 lambda: 0.001692 
topAge: 196  width: 1 lambda: 0.001692 
topAge: 197  width: 1 lambda: 0.001692 
topAge: 198  width: 1 lambda: 0.001692 
topAge: 199  width: 1 lambda: 0.001692 
topAge: 200  width: 1 lambda: 0.001692 
topAge: 201  width: 1 lambda: 0.001692 
topAge: 202  width: 1 lambda: 0.001692 
topAge: 203  width: 1 lambda: 0.001692 
topAge: 204  width: 1 lambda: 0.001692 
topAge: 205  width: 1 lambda: 0.003384 
topAge: 206  width: 1 lambda: 0.003389 
topAge: 207  width: 1 lambda: 0.003395 
topAge: 208  width: 1 lambda: 0.003401 
topAge: 209  width: 1 lambda: 0.003407 
topAge: 210  width: 1 lambda: 0.003413 
topAge: 211  width: 1 lambda: 0.003418 
topAge: 212  width: 1 lambda: 0.003424 
topAge: 213  width: 1 lambda: 0.003430 
topAge: 214  width: 1 lambda: 0.003436 
topAge: 215  width: 1 lambda: 0.003436 
topAge: 216  width: 1 lambda: 0.003436 
topAge: 217  width: 1 lambda: 0.006873 
topAge: 218  width: 1 lambda: 0.006896 
topAge: 219  width: 1 lambda: 0.006920 
topAge: 220  width: 1 lambda: 0.006944 
topAge: 221  width: 1 lambda: 0.006968 
topAge: 222  width: 1 lambda: 0.006992 
topAge: 223  width: 1 lambda: 0.007017 
topAge: 224  width: 1 lambda: 0.007041 
topAge: 225  width: 1 lambda: 0.007066 
topAge: 226  width: 1 lambda: 0.007091 
topAge: 227  width: 1 lambda: 0.007091 
topAge: 228  width: 1 lambda: 0.007091 
topAge: 229  width: 1 lambda: 0.014181 
topAge: 230  width: 1 lambda: 0.014281 
topAge: 231  width: 1 lambda: 0.014383 
topAge: 232  width: 1 lambda: 0.014486 
topAge: 233  width: 1 lambda: 0.014591 
topAge: 234  width: 1 lambda: 0.014697 
topAge: 235  width: 1 lambda: 0.014805 
topAge: 236  width: 1 lambda: 0.014914 
topAge: 237  width: 1 lambda: 0.015025 
topAge: 238  width: 1 lambda: 0.015137 
topAge: 239  width: 1 lambda: 0.015137 
topAge: 240  width: 1 lambda: 0.015137 
topAge: 241  width: 1 lambda: 0.021382 
topAge: 242  width: 1 lambda: 0.021514 
topAge: 243  width: 1 lambda: 0.021648 
topAge: 244  width: 1 lambda: 0.021783 
topAge: 245  width: 1 lambda: 0.021920 
topAge: 246  width: 1 lambda: 0.022059 
topAge: 247  width: 1 lambda: 0.022200 
topAge: 248  width: 1 lambda: 0.022343 
topAge: 249  width: 1 lambda: 0.022487 
topAge: 250  width: 1 lambda: 0.022633 
topAge: 251  width: 1 lambda: 0.022633 
topAge: 252  width: 1 lambda: 0.022633 
topAge: 253  width: 1 lambda: 0.022633 
topAge: 254  width: 1 lambda: 0.022633 
topAge: 255  width: 1 lambda: 0.022633 
topAge: 256  width: 1 lambda: 0.022633 
topAge: 257  width: 1 lambda: 0.022633 
topAge: 258  width: 1 lambda: 0.022633 
topAge: 259  width: 1 lambda: 0.022633 
topAge: 260  width: 1 lambda: 0.022633 
topAge: 261  width: 1 lambda: 0.022633 
topAge: 262  width: 1 lambda: 0.022633 
topAge: 263  width: 1 lambda: 0.022633 
topAge: 264  width: 1 lambda: 0.022633 
topAge: 265  width: 1 lambda: 0.022633 
topAge: 266  width: 1 lambda: 0.022633 
topAge: 267  width: 1 lambda: 0.022633 
topAge: 268  width: 1 lambda: 0.022633 
topAge: 269  width: 1 lambda: 0.022633 
topAge: 270  width: 1 lambda: 0.022633 
topAge: 271  width: 1 lambda: 0.022633 
topAge: 272  width: 1 lambda: 0.022633 
topAge: 273  width: 1 lambda: 0.022633 
topAge: 274  width: 1 lambda: 0.022633 
topAge: 275  width: 1 lambda: 0.022633 
topAge: 276  width: 1 lambda: 0.022633 
topAge: 277  width: 1 lambda: 0.022633 
topAge: 278  width: 1 lambda: 0.022633 
topAge: 279  width: 1 lambda: 0.022633 
topAge: 280  width: 1 lambda: 0.022633 
topAge: 281  width: 1 lambda: 0.022633 
topAge: 282  width: 1 lambda: 0.022633 
topAge: 283  width: 1 lambda: 0.022633 
topAge: 284  width: 1 lambda: 0.022633 
topAge: 285  width: 1 lambda: 0.022633 
topAge: 286  width: 1 lambda: 0.022633 
topAge: 287  width: 1 lambda: 0.022633 
topAge: 288  width: 1 lambda: 0.022633 
topAge: 289  width: 1 lambda: 0.022633 
topAge: 290  width: 1 lambda: 0.022633 
topAge: 291  width: 1 lambda: 0.022633 
topAge: 292  width: 1 lambda: 0.022633 
topAge: 293  width: 1 lambda: 0.022633 
topAge: 294  width: 1 lambda: 0.022633 
topAge: 295  width: 1 lambda: 0.022633 
topAge: 296  width: 1 lambda: 0.022633 
topAge: 297  width: 1 lambda: 0.022633 
topAge: 298  width: 1 lambda: 0.022633 
topAge: 299  width: 1 lambda: 0.022633 
topAge: 300  width: 1 lambda: 0.022633 
topAge: 301  width: 1 lambda: 0.022032 
topAge: 302  width: 1 lambda: 0.022020 
topAge: 303  width: 1 lambda: 0.022007 
topAge: 304  width: 1 lambda: 0.021994 
topAge: 305  width: 1 lambda: 0.021981 
topAge: 306  width: 1 lambda: 0.021968 
topAge: 307  width: 1 lambda: 0.021955 
topAge: 308  width: 1 lambda: 0.021942 
topAge: 309  width: 1 lambda: 0.021929 
topAge: 310  width: 1 lambda: 0.021916 
topAge: 311  width: 1 lambda: 0.021916 
topAge: 312  width: 1 lambda: 0.021916 
topAge: 313  width: 1 lambda: 0.020920 
topAge: 314  width: 1 lambda: 0.020900 
topAge: 315  width: 1 lambda: 0.020880 
topAge: 316  width: 1 lambda: 0.020859 
topAge: 317  width: 1 lambda: 0.020839 
topAge: 318  width: 1 lambda: 0.020819 
topAge: 319  width: 1 lambda: 0.020798 
topAge: 320  width: 1 lambda: 0.020778 
topAge: 321  width: 1 lambda: 0.020758 
topAge: 322  width: 1 lambda: 0.020738 
topAge: 323  width: 1 lambda: 0.020738 
topAge: 324  width: 1 lambda: 0.020738 
topAge: 325  width: 1 lambda: 0.018762 
topAge: 326  width: 1 lambda: 0.018726 
topAge: 327  width: 1 lambda: 0.018690 
topAge: 328  width: 1 lambda: 0.018654 
topAge: 329  width: 1 lambda: 0.018618 
topAge: 330  width: 1 lambda: 0.018582 
topAge: 331  width: 1 lambda: 0.018546 
topAge: 332  width: 1 lambda: 0.018511 
topAge: 333  width: 1 lambda: 0.018475 
topAge: 334  width: 1 lambda: 0.018440 
topAge: 335  width: 1 lambda: 0.018440 
topAge: 336  width: 1 lambda: 0.018440 
topAge: 337  width: 1 lambda: 0.015528 
topAge: 338  width: 1 lambda: 0.015484 
topAge: 339  width: 1 lambda: 0.015440 
topAge: 340  width: 1 lambda: 0.015396 
topAge: 341  width: 1 lambda: 0.015352 
topAge: 342  width: 1 lambda: 0.015309 
topAge: 343  width: 1 lambda: 0.015265 
topAge: 344  width: 1 lambda: 0.015223 
topAge: 345  width: 1 lambda: 0.015180 
topAge: 346  width: 1 lambda: 0.015137 
topAge: 347  width: 1 lambda: 0.015137 
topAge: 348  width: 1 lambda: 0.015137 
topAge: 349  width: 1 lambda: 0.013246 
topAge: 350  width: 1 lambda: 0.013221 
topAge: 351  width: 1 lambda: 0.013197 
topAge: 352  width: 1 lambda: 0.013172 
topAge: 353  width: 1 lambda: 0.013148 
topAge: 354  width: 1 lambda: 0.013123 
topAge: 355  width: 1 lambda: 0.013099 
topAge: 356  width: 1 lambda: 0.013075 
topAge: 357  width: 1 lambda: 0.013051 
topAge: 358  width: 1 lambda: 0.013027 
topAge: 359  width: 1 lambda: 0.013027 
topAge: 360  width: 1 lambda: 0.013027 
topAge: 361  width: 1 lambda: 0.011166 
topAge: 362  width: 1 lambda: 0.011145 
topAge: 363  width: 1 lambda: 0.011125 
topAge: 364  width: 1 lambda: 0.011104 
topAge: 365  width: 1 lambda: 0.011084 
topAge: 366  width: 1 lambda: 0.011064 
topAge: 367  width: 1 lambda: 0.011044 
topAge: 368  width: 1 lambda: 0.011024 
topAge: 369  width: 1 lambda: 0.011004 
topAge: 370  width: 1 lambda: 0.010984 
topAge: 371  width: 1 lambda: 0.010984 
topAge: 372  width: 1 lambda: 0.010984 
topAge: 373  width: 1 lambda: 0.009794 
topAge: 374  width: 1 lambda: 0.009783 
topAge: 375  width: 1 lambda: 0.009771 
topAge: 376  width: 1 lambda: 0.009760 
topAge: 377  width: 1 lambda: 0.009748 
topAge: 378  width: 1 lambda: 0.009737 
topAge: 379  width: 1 lambda: 0.009725 
topAge: 380  width: 1 lambda: 0.009714 
topAge: 381  width: 1 lambda: 0.009703 
topAge: 382  width: 1 lambda: 0.009691 
topAge: 383  width: 1 lambda: 0.009691 
topAge: 384  width: 1 lambda: 0.009691 
topAge: 385  width: 1 lambda: 0.009510 
topAge: 386  width: 1 lambda: 0.009508 
topAge: 387  width: 1 lambda: 0.009506 
topAge: 388  width: 1 lambda: 0.009505 
topAge: 389  width: 1 lambda: 0.009503 
topAge: 390  width: 1 lambda: 0.009501 
topAge: 391  width: 1 lambda: 0.009500 
topAge: 392  width: 1 lambda: 0.009498 
topAge: 393  width: 1 lambda: 0.009496 
topAge: 394  width: 1 lambda: 0.009494 
topAge: 395  width: 1 lambda: 0.009494 
topAge: 396  width: 1 lambda: 0.009494 
topAge: 397  width: 1 lambda: 0.009404 
topAge: 398  width: 1 lambda: 0.009404 
topAge: 399  width: 1 lambda: 0.009403 
topAge: 400  width: 1 lambda: 0.009402 
topAge: 401  width: 1 lambda: 0.009401 
topAge: 402  width: 1 lambda: 0.009400 
topAge: 403  width: 1 lambda: 0.009399 
topAge: 404  width: 1 lambda: 0.009398 
topAge: 405  width: 1 lambda: 0.009398 
topAge: 406  width: 1 lambda: 0.009397 
topAge: 407  width: 1 lambda: 0.009397 
topAge: 408  width: 1 lambda: 0.009397 
topAge: 409  width: 1 lambda: 0.009397 
topAge: 410  width: 1 lambda: 0.009397 
topAge: 411  width: 1 lambda: 0.009397 
topAge: 412  width: 1 lambda: 0.009397 
topAge: 413  width: 1 lambda: 0.009397 
topAge: 414  width: 1 lambda: 0.009397 
topAge: 415  width: 1 lambda: 0.009397 
topAge: 416  width: 1 lambda: 0.009397 
topAge: 417  width: 1 lambda: 0.009397 
topAge: 418  width: 1 lambda: 0.009397 
topAge: 419  width: 1 lambda: 0.009397 
topAge: 420  width: 1 lambda: 0.009397 
topAge: 421  width: 1 lambda: 0.009397 
topAge: 422  width: 1 lambda: 0.009397 
topAge: 423  width: 1 lambda: 0.009397 
topAge: 424  width: 1 lambda: 0.009397 
topAge: 425  width: 1 lambda: 0.009397 
topAge: 426  width: 1 lambda: 0.009397 
topAge: 427  width: 1 lambda: 0.009397 
topAge: 428  width: 1 lambda: 0.009397 
topAge: 429  width: 1 lambda: 0.009397 
topAge: 430  width: 1 lambda: 0.009397 
topAge: 431  width: 1 lambda: 0.009397 
topAge: 432  width: 1 lambda: 0.009397 
topAge: 433  width: 1 lambda: 0.009035 
topAge: 434  width: 1 lambda: 0.009031 
topAge: 435  width: 1 lambda: 0.009028 
topAge: 436  width: 1 lambda: 0.009025 
topAge: 437  width: 1 lambda: 0.009022 
topAge: 438  width: 1 lambda: 0.009018 
topAge: 439  width: 1 lambda: 0.009015 
topAge: 440  width: 1 lambda: 0.009012 
topAge: 441  width: 1 lambda: 0.009009 
topAge: 442  width: 1 lambda: 0.009006 
topAge: 443  width: 1 lambda: 0.009006 
topAge: 444  width: 1 lambda: 0.009006 
topAge: 445  width: 1 lambda: 0.008826 
topAge: 446  width: 1 lambda: 0.008825 
topAge: 447  width: 1 lambda: 0.008823 
topAge: 448  width: 1 lambda: 0.008821 
topAge: 449  width: 1 lambda: 0.008820 
topAge: 450  width: 1 lambda: 0.008818 
topAge: 451  width: 1 lambda: 0.008817 
topAge: 452  width: 1 lambda: 0.008815 
topAge: 453  width: 1 lambda: 0.008814 
topAge: 454  width: 1 lambda: 0.008812 
topAge: 455  width: 1 lambda: 0.008812 
topAge: 456  width: 1 lambda: 0.008812 
topAge: 457  width: 1 lambda: 0.008632 
topAge: 458  width: 1 lambda: 0.008630 
topAge: 459  width: 1 lambda: 0.008629 
topAge: 460  width: 1 lambda: 0.008627 
topAge: 461  width: 1 lambda: 0.008626 
topAge: 462  width: 1 lambda: 0.008624 
topAge: 463  width: 1 lambda: 0.008623 
topAge: 464  width: 1 lambda: 0.008621 
topAge: 465  width: 1 lambda: 0.008620 
topAge: 466  width: 1 lambda: 0.008618 
topAge: 467  width: 1 lambda: 0.008618 
topAge: 468  width: 1 lambda: 0.008618 
topAge: 469  width: 1 lambda: 0.008259 
topAge: 470  width: 1 lambda: 0.008256 
topAge: 471  width: 1 lambda: 0.008253 
topAge: 472  width: 1 lambda: 0.008250 
topAge: 473  width: 1 lambda: 0.008248 
topAge: 474  width: 1 lambda: 0.008245 
topAge: 475  width: 1 lambda: 0.008242 
topAge: 476  width: 1 lambda: 0.008239 
topAge: 477  width: 1 lambda: 0.008236 
topAge: 478  width: 1 lambda: 0.008233 
topAge: 479  width: 1 lambda: 0.008233 
topAge: 480  width: 1 lambda: 0.008233 
topAge: 481  width: 1 lambda: 0.007606 
topAge: 482  width: 1 lambda: 0.007601 
topAge: 483  width: 1 lambda: 0.007596 
topAge: 484  width: 1 lambda: 0.007592 
topAge: 485  width: 1 lambda: 0.007587 
topAge: 486  width: 1 lambda: 0.007582 
topAge: 487  width: 1 lambda: 0.007578 
topAge: 488  width: 1 lambda: 0.007573 
topAge: 489  width: 1 lambda: 0.007568 
topAge: 490  width: 1 lambda: 0.007563 
topAge: 491  width: 1 lambda: 0.007563 
topAge: 492  width: 1 lambda: 0.007563 
topAge: 493  width: 1 lambda: 0.006674 
topAge: 494  width: 1 lambda: 0.006668 
topAge: 495  width: 1 lambda: 0.006662 
topAge: 496  width: 1 lambda: 0.006656 
topAge: 497  width: 1 lambda: 0.006650 
topAge: 498  width: 1 lambda: 0.006645 
topAge: 499  width: 1 lambda: 0.006639 
topAge: 500  width: 1 lambda: 0.006633 
topAge: 501  width: 1 lambda: 0.006627 
topAge: 502  width: 1 lambda: 0.006621 
topAge: 503  width: 1 lambda: 0.006621 
topAge: 504  width: 1 lambda: 0.006621 
topAge: 505  width: 1 lambda: 0.005297 
topAge: 506  width: 1 lambda: 0.005290 
topAge: 507  width: 1 lambda: 0.005283 
topAge: 508  width: 1 lambda: 0.005276 
topAge: 509  width: 1 lambda: 0.005269 
topAge: 510  width: 1 lambda: 0.005262 
topAge: 511  width: 1 lambda: 0.005256 
topAge: 512  width: 1 lambda: 0.005249 
topAge: 513  width: 1 lambda: 0.005242 
topAge: 514  width: 1 lambda: 0.005235 
topAge: 515  width: 1 lambda: 0.005235 
topAge: 516  width: 1 lambda: 0.005235 
topAge: 517  width: 1 lambda: 0.004363 
topAge: 518  width: 1 lambda: 0.004359 
topAge: 519  width: 1 lambda: 0.004355 
topAge: 520  width: 1 lambda: 0.004352 
topAge: 521  width: 1 lambda: 0.004348 
topAge: 522  width: 1 lambda: 0.004344 
topAge: 523  width: 1 lambda: 0.004340 
topAge: 524  width: 1 lambda: 0.004336 
topAge: 525  width: 1 lambda: 0.004333 
topAge: 526  width: 1 lambda: 0.004329 
topAge: 527  width: 1 lambda: 0.004329 
topAge: 528  width: 1 lambda: 0.004329 
topAge: 529  width: 1 lambda: 0.003463 
topAge: 530  width: 1 lambda: 0.003460 
topAge: 531  width: 1 lambda: 0.003457 
topAge: 532  width: 1 lambda: 0.003454 
topAge: 533  width: 1 lambda: 0.003451 
topAge: 534  width: 1 lambda: 0.003448 
topAge: 535  width: 1 lambda: 0.003445 
topAge: 536  width: 1 lambda: 0.003442 
topAge: 537  width: 1 lambda: 0.003439 
topAge: 538  width: 1 lambda: 0.003436 
topAge: 539  width: 1 lambda: 0.003436 
topAge: 540  width: 1 lambda: 0.003436 
reading fertility rates for: group=1 mstat=4 parity=0
+
topAge: 181  width: 1 lambda: 0.001667 
topAge: 182  width: 1 lambda: 0.001670 
topAge: 183  width: 1 lambda: 0.001673 
topAge: 184  width: 1 lambda: 0.001675 
topAge: 185  width: 1 lambda: 0.001678 
topAge: 186  width: 1 lambda: 0.001681 
topAge: 187  width: 1 lambda: 0.001684 
topAge: 188  width: 1 lambda: 0.001687 
topAge: 189  width: 1 lambda: 0.001690 
topAge: 190  width: 1 lambda: 0.001692 
topAge: 191  width: 1 lambda: 0.001692 
topAge: 192  width: 1 lambda: 0.001692 
topAge: 193  width: 1 lambda: 0.001692 
topAge: 194  width: 1 lambda: 0.001692 
topAge: 195  width: 1 lambda: 0.001692 
topAge: 196  width: 1 lambda: 0.001692 
topAge: 197  width: 1 lambda: 0.001692 
topAge: 198  width: 1 lambda: 0.001692 
topAge: 199  width: 1 lambda: 0.001692 
topAge: 200  width: 1 lambda: 0.001692 
topAge: 201  width: 1 lambda: 0.001692 
topAge: 202  width: 1 lambda: 0.001692 
topAge: 203  width: 1 lambda: 0.001692 
topAge: 204  width: 1 lambda: 0.001692 
topAge: 205  width: 1 lambda: 0.003384 
topAge: 206  width: 1 lambda: 0.003389 
topAge: 207  width: 1 lambda: 0.003395 
topAge: 208  width: 1 lambda: 0.003401 
topAge: 209  width: 1 lambda: 0.003407 
topAge: 210  width: 1 lambda: 0.003413 
topAge: 211  width: 1 lambda: 0.003418 
topAge: 212  width: 1 lambda: 0.003424 
topAge: 213  width: 1 lambda: 0.003430 
topAge: 214  width: 1 lambda: 0.003436 
topAge: 215  width: 1 lambda: 0.003436 
topAge: 216  width: 1 lambda: 0.003436 
topAge: 217  width: 1 lambda: 0.006873 
topAge: 218  width: 1 lambda: 0.006896 
topAge: 219  width: 1 lambda: 0.006920 
topAge: 220  width: 1 lambda: 0.006944 
topAge: 221  width: 1 lambda: 0.006968 
topAge: 222  width: 1 lambda: 0.006992 
topAge: 223  width: 1 lambda: 0.007017 
topAge: 224  width: 1 lambda: 0.007041 
topAge: 225  width: 1 lambda: 0.007066 
topAge: 226  width: 1 lambda: 0.007091 
topAge: 227  width: 1 lambda: 0.007091 
topAge: 228  width: 1 lambda: 0.007091 
topAge: 229  width: 1 lambda: 0.014181 
topAge: 230  width: 1 lambda: 0.014281 
topAge: 231  width: 1 lambda: 0.014383 
topAge: 232  width: 1 lambda: 0.014486 
topAge: 233  width: 1 lambda: 0.014591 
topAge: 234  width: 1 lambda: 0.014697 
topAge: 235  width: 1 lambda: 0.014805 
topAge: 236  width: 1 lambda: 0.014914 
topAge: 237  width: 1 lambda: 0.015025 
topAge: 238  width: 1 lambda: 0.015137 
topAge: 239  width: 1 lambda: 0.015137 
topAge: 240  width: 1 lambda: 0.015137 
topAge: 241  width: 1 lambda: 0.021382 
topAge: 242  width: 1 lambda: 0.021514 
topAge: 243  width: 1 lambda: 0.021648 
topAge: 244  width: 1 lambda: 0.021783 
topAge: 245  width: 1 lambda: 0.021920 
topAge: 246  width: 1 lambda: 0.022059 
topAge: 247  width: 1 lambda: 0.022200 
topAge: 248  width: 1 lambda: 0.022343 
topAge: 249  width: 1 lambda: 0.022487 
topAge: 250  width: 1 lambda: 0.022633 
topAge: 251  width: 1 lambda: 0.022633 
topAge: 252  width: 1 lambda: 0.022633 
topAge: 253  width: 1 lambda: 0.022633 
topAge: 254  width: 1 lambda: 0.022633 
topAge: 255  width: 1 lambda: 0.022633 
topAge: 256  width: 1 lambda: 0.022633 
topAge: 257  width: 1 lambda: 0.022633 
topAge: 258  width: 1 lambda: 0.022633 
topAge: 259  width: 1 lambda: 0.022633 
topAge: 260  width: 1 lambda: 0.022633 
topAge: 261  width: 1 lambda: 0.022633 
topAge: 262  width: 1 lambda: 0.022633 
topAge: 263  width: 1 lambda: 0.022633 
topAge: 264  width: 1 lambda: 0.022633 
topAge: 265  width: 1 lambda: 0.022633 
topAge: 266  width: 1 lambda: 0.022633 
topAge: 267  width: 1 lambda: 0.022633 
topAge: 268  width: 1 lambda: 0.022633 
topAge: 269  width: 1 lambda: 0.022633 
topAge: 270  width: 1 lambda: 0.022633 
topAge: 271  width: 1 lambda: 0.022633 
topAge: 272  width: 1 lambda: 0.022633 
topAge: 273  width: 1 lambda: 0.022633 
topAge: 274  width: 1 lambda: 0.022633 
topAge: 275  width: 1 lambda: 0.022633 
topAge: 276  width: 1 lambda: 0.022633 
topAge: 277  width: 1 lambda: 0.022633 
topAge: 278  width: 1 lambda: 0.022633 
topAge: 279  width: 1 lambda: 0.022633 
topAge: 280  width: 1 lambda: 0.022633 
topAge: 281  width: 1 lambda: 0.022633 
topAge: 282  width: 1 lambda: 0.022633 
topAge: 283  width: 1 lambda: 0.022633 
topAge: 284  width: 1 lambda: 0.022633 
topAge: 285  width: 1 lambda: 0.022633 
topAge: 286  width: 1 lambda: 0.022633 
topAge: 287  width: 1 lambda: 0.022633 
topAge: 288  width: 1 lambda: 0.022633 
topAge: 289  width: 1 lambda: 0.022633 
topAge: 290  width: 1 lambda: 0.022633 
topAge: 291  width: 1 lambda: 0.022633 
topAge: 292  width: 1 lambda: 0.022633 
topAge: 293  width: 1 lambda: 0.022633 
topAge: 294  width: 1 lambda: 0.022633 
topAge: 295  width: 1 lambda: 0.022633 
topAge: 296  width: 1 lambda: 0.022633 
topAge: 297  width: 1 lambda: 0.022633 
topAge: 298  width: 1 lambda: 0.022633 
topAge: 299  width: 1 lambda: 0.022633 
topAge: 300  width: 1 lambda: 0.022633 
topAge: 301  width: 1 lambda: 0.022032 
topAge: 302  width: 1 lambda: 0.022020 
topAge: 303  width: 1 lambda: 0.022007 
topAge: 304  width: 1 lambda: 0.021994 
topAge: 305  width: 1 lambda: 0.021981 
topAge: 306  width: 1 lambda: 0.021968 
topAge: 307  width: 1 lambda: 0.021955 
topAge: 308  width: 1 lambda: 0.021942 
topAge: 309  width: 1 lambda: 0.021929 
topAge: 310  width: 1 lambda: 0.021916 
topAge: 311  width: 1 lambda: 0.021916 
topAge: 312  width: 1 lambda: 0.021916 
topAge: 313  width: 1 lambda: 0.020920 
topAge: 314  width: 1 lambda: 0.020900 
topAge: 315  width: 1 lambda: 0.020880 
topAge: 316  width: 1 lambda: 0.020859 
topAge: 317  width: 1 lambda: 0.020839 
topAge: 318  width: 1 lambda: 0.020819 
topAge: 319  width: 1 lambda: 0.020798 
topAge: 320  width: 1 lambda: 0.020778 
topAge: 321  width: 1 lambda: 0.020758 
topAge: 322  width: 1 lambda: 0.020738 
topAge: 323  width: 1 lambda: 0.020738 
topAge: 324  width: 1 lambda: 0.020738 
topAge: 325  width: 1 lambda: 0.018762 
topAge: 326  width: 1 lambda: 0.018726 
topAge: 327  width: 1 lambda: 0.018690 
topAge: 328  width: 1 lambda: 0.018654 
topAge: 329  width: 1 lambda: 0.018618 
topAge: 330  width: 1 lambda: 0.018582 
topAge: 331  width: 1 lambda: 0.018546 
topAge: 332  width: 1 lambda: 0.018511 
topAge: 333  width: 1 lambda: 0.018475 
topAge: 334  width: 1 lambda: 0.018440 
topAge: 335  width: 1 lambda: 0.018440 
topAge: 336  width: 1 lambda: 0.018440 
topAge: 337  width: 1 lambda: 0.015528 
topAge: 338  width: 1 lambda: 0.015484 
topAge: 339  width: 1 lambda: 0.015440 
topAge: 340  width: 1 lambda: 0.015396 
topAge: 341  width: 1 lambda: 0.015352 
topAge: 342  width: 1 lambda: 0.015309 
topAge: 343  width: 1 lambda: 0.015265 
topAge: 344  width: 1 lambda: 0.015223 
topAge: 345  width: 1 lambda: 0.015180 
topAge: 346  width: 1 lambda: 0.015137 
topAge: 347  width: 1 lambda: 0.015137 
topAge: 348  width: 1 lambda: 0.015137 
topAge: 349  width: 1 lambda: 0.013246 
topAge: 350  width: 1 lambda: 0.013221 
topAge: 351  width: 1 lambda: 0.013197 
topAge: 352  width: 1 lambda: 0.013172 
topAge: 353  width: 1 lambda: 0.013148 
topAge: 354  width: 1 lambda: 0.013123 
topAge: 355  width: 1 lambda: 0.013099 
topAge: 356  width: 1 lambda: 0.013075 
topAge: 357  width: 1 lambda: 0.013051 
topAge: 358  width: 1 lambda: 0.013027 
topAge: 359  width: 1 lambda: 0.013027 
topAge: 360  width: 1 lambda: 0.013027 
topAge: 361  width: 1 lambda: 0.011166 
topAge: 362  width: 1 lambda: 0.011145 
topAge: 363  width: 1 lambda: 0.011125 
topAge: 364  width: 1 lambda: 0.011104 
topAge: 365  width: 1 lambda: 0.011084 
topAge: 366  width: 1 lambda: 0.011064 
topAge: 367  width: 1 lambda: 0.011044 
topAge: 368  width: 1 lambda: 0.011024 
topAge: 369  width: 1 lambda: 0.011004 
topAge: 370  width: 1 lambda: 0.010984 
topAge: 371  width: 1 lambda: 0.010984 
topAge: 372  width: 1 lambda: 0.010984 
topAge: 373  width: 1 lambda: 0.009794 
topAge: 374  width: 1 lambda: 0.009783 
topAge: 375  width: 1 lambda: 0.009771 
topAge: 376  width: 1 lambda: 0.009760 
topAge: 377  width: 1 lambda: 0.009748 
topAge: 378  width: 1 lambda: 0.009737 
topAge: 379  width: 1 lambda: 0.009725 
topAge: 380  width: 1 lambda: 0.009714 
topAge: 381  width: 1 lambda: 0.009703 
topAge: 382  width: 1 lambda: 0.009691 
topAge: 383  width: 1 lambda: 0.009691 
topAge: 384  width: 1 lambda: 0.009691 
topAge: 385  width: 1 lambda: 0.009510 
topAge: 386  width: 1 lambda: 0.009508 
topAge: 387  width: 1 lambda: 0.009506 
topAge: 388  width: 1 lambda: 0.009505 
topAge: 389  width: 1 lambda: 0.009503 
topAge: 390  width: 1 lambda: 0.009501 
topAge: 391  width: 1 lambda: 0.009500 
topAge: 392  width: 1 lambda: 0.009498 
topAge: 393  width: 1 lambda: 0.009496 
topAge: 394  width: 1 lambda: 0.009494 
topAge: 395  width: 1 lambda: 0.009494 
topAge: 396  width: 1 lambda: 0.009494 
topAge: 397  width: 1 lambda: 0.009404 
topAge: 398  width: 1 lambda: 0.009404 
topAge: 399  width: 1 lambda: 0.009403 
topAge: 400  width: 1 lambda: 0.009402 
topAge: 401  width: 1 lambda: 0.009401 
topAge: 402  width: 1 lambda: 0.009400 
topAge: 403  width: 1 lambda: 0.009399 
topAge: 404  width: 1 lambda: 0.009398 
topAge: 405  width: 1 lambda: 0.009398 
topAge: 406  width: 1 lambda: 0.009397 
topAge: 407  width: 1 lambda: 0.009397 
topAge: 408  width: 1 lambda: 0.009397 
topAge: 409  width: 1 lambda: 0.009397 
topAge: 410  width: 1 lambda: 0.009397 
topAge: 411  width: 1 lambda: 0.009397 
topAge: 412  width: 1 lambda: 0.009397 
topAge: 413  width: 1 lambda: 0.009397 
topAge: 414  width: 1 lambda: 0.009397 
topAge: 415  width: 1 lambda: 0.009397 
topAge: 416  width: 1 lambda: 0.009397 
topAge: 417  width: 1 lambda: 0.009397 
topAge: 418  width: 1 lambda: 0.009397 
topAge: 419  width: 1 lambda: 0.009397 
topAge: 420  width: 1 lambda: 0.009397 
topAge: 421  width: 1 lambda: 0.009397 
topAge: 422  width: 1 lambda: 0.009397 
topAge: 423  width: 1 lambda: 0.009397 
topAge: 424  width: 1 lambda: 0.009397 
topAge: 425  width: 1 lambda: 0.009397 
topAge: 426  width: 1 lambda: 0.009397 
topAge: 427  width: 1 lambda: 0.009397 
topAge: 428  width: 1 lambda: 0.009397 
topAge: 429  width: 1 lambda: 0.009397 
topAge: 430  width: 1 lambda: 0.009397 
topAge: 431  width: 1 lambda: 0.009397 
topAge: 432  width: 1 lambda: 0.009397 
topAge: 433  width: 1 lambda: 0.009035 
topAge: 434  width: 1 lambda: 0.009031 
topAge: 435  width: 1 lambda: 0.009028 
topAge: 436  width: 1 lambda: 0.009025 
topAge: 437  width: 1 lambda: 0.009022 
topAge: 438  width: 1 lambda: 0.009018 
topAge: 439  width: 1 lambda: 0.009015 
topAge: 440  width: 1 lambda: 0.009012 
topAge: 441  width: 1 lambda: 0.009009 
topAge: 442  width: 1 lambda: 0.009006 
topAge: 443  width: 1 lambda: 0.009006 
topAge: 444  width: 1 lambda: 0.009006 
topAge: 445  width: 1 lambda: 0.008826 
topAge: 446  width: 1 lambda: 0.008825 
topAge: 447  width: 1 lambda: 0.008823 
topAge: 448  width: 1 lambda: 0.008821 
topAge: 449  width: 1 lambda: 0.008820 
topAge: 450  width: 1 lambda: 0.008818 
topAge: 451  width: 1 lambda: 0.008817 
topAge: 452  width: 1 lambda: 0.008815 
topAge: 453  width: 1 lambda: 0.008814 
topAge: 454  width: 1 lambda: 0.008812 
topAge: 455  width: 1 lambda: 0.008812 
topAge: 456  width: 1 lambda: 0.008812 
topAge: 457  width: 1 lambda: 0.008632 
topAge: 458  width: 1 lambda: 0.008630 
topAge: 459  width: 1 lambda: 0.008629 
topAge: 460  width: 1 lambda: 0.008627 
topAge: 461  width: 1 lambda: 0.008626 
topAge: 462  width: 1 lambda: 0.008624 
topAge: 463  width: 1 lambda: 0.008623 
topAge: 464  width: 1 lambda: 0.008621 
topAge: 465  width: 1 lambda: 0.008620 
topAge: 466  width: 1 lambda: 0.008618 
topAge: 467  width: 1 lambda: 0.008618 
topAge: 468  width: 1 lambda: 0.008618 
topAge: 469  width: 1 lambda: 0.008259 
topAge: 470  width: 1 lambda: 0.008256 
topAge: 471  width: 1 lambda: 0.008253 
topAge: 472  width: 1 lambda: 0.008250 
topAge: 473  width: 1 lambda: 0.008248 
topAge: 474  width: 1 lambda: 0.008245 
topAge: 475  width: 1 lambda: 0.008242 
topAge: 476  width: 1 lambda: 0.008239 
topAge: 477  width: 1 lambda: 0.008236 
topAge: 478  width: 1 lambda: 0.008233 
topAge: 479  width: 1 lambda: 0.008233 
topAge: 480  width: 1 lambda: 0.008233 
topAge: 481  width: 1 lambda: 0.007606 
topAge: 482  width: 1 lambda: 0.007601 
topAge: 483  width: 1 lambda: 0.007596 
topAge: 484  width: 1 lambda: 0.007592 
topAge: 485  width: 1 lambda: 0.007587 
topAge: 486  width: 1 lambda: 0.007582 
topAge: 487  width: 1 lambda: 0.007578 
topAge: 488  width: 1 lambda: 0.007573 
topAge: 489  width: 1 lambda: 0.007568 
topAge: 490  width: 1 lambda: 0.007563 
topAge: 491  width: 1 lambda: 0.007563 
topAge: 492  width: 1 lambda: 0.007563 
topAge: 493  width: 1 lambda: 0.006674 
topAge: 494  width: 1 lambda: 0.006668 
topAge: 495  width: 1 lambda: 0.006662 
topAge: 496  width: 1 lambda: 0.006656 
topAge: 497  width: 1 lambda: 0.006650 
topAge: 498  width: 1 lambda: 0.006645 
topAge: 499  width: 1 lambda: 0.006639 
topAge: 500  width: 1 lambda: 0.006633 
topAge: 501  width: 1 lambda: 0.006627 
topAge: 502  width: 1 lambda: 0.006621 
topAge: 503  width: 1 lambda: 0.006621 
topAge: 504  width: 1 lambda: 0.006621 
topAge: 505  width: 1 lambda: 0.005297 
topAge: 506  width: 1 lambda: 0.005290 
topAge: 507  width: 1 lambda: 0.005283 
topAge: 508  width: 1 lambda: 0.005276 
topAge: 509  width: 1 lambda: 0.005269 
topAge: 510  width: 1 lambda: 0.005262 
topAge: 511  width: 1 lambda: 0.005256 
topAge: 512  width: 1 lambda: 0.005249 
topAge: 513  width: 1 lambda: 0.005242 
topAge: 514  width: 1 lambda: 0.005235 
topAge: 515  width: 1 lambda: 0.005235 
topAge: 516  width: 1 lambda: 0.005235 
topAge: 517  width: 1 lambda: 0.004363 
topAge: 518  width: 1 lambda: 0.004359 
topAge: 519  width: 1 lambda: 0.004355 
topAge: 520  width: 1 lambda: 0.004352 
topAge: 521  width: 1 lambda: 0.004348 
topAge: 522  width: 1 lambda: 0.004344 
topAge: 523  width: 1 lambda: 0.004340 
topAge: 524  width: 1 lambda: 0.004336 
topAge: 525  width: 1 lambda: 0.004333 
topAge: 526  width: 1 lambda: 0.004329 
topAge: 527  width: 1 lambda: 0.004329 
topAge: 528  width: 1 lambda: 0.004329 
topAge: 529  width: 1 lambda: 0.003463 
topAge: 530  width: 1 lambda: 0.003460 
topAge: 531  width: 1 lambda: 0.003457 
topAge: 532  width: 1 lambda: 0.003454 
topAge: 533  width: 1 lambda: 0.003451 
topAge: 534  width: 1 lambda: 0.003448 
topAge: 535  width: 1 lambda: 0.003445 
topAge: 536  width: 1 lambda: 0.003442 
topAge: 537  width: 1 lambda: 0.003439 
topAge: 538  width: 1 lambda: 0.003436 
topAge: 539  width: 1 lambda: 0.003436 
topAge: 540  width: 1 lambda: 0.003436 
opening pop pyramid file SimResults/sample.pyr
Reading initial population file start4grp.opop
No initial marriage file to read
No initial transition history file to read
xtra file NOT read: read_extra_file=393582495
Rates imply simulation will have 393582495 groups
Initial population has max group id 393582495 
Simulation will have 393582495 groups

 checking rates for sanity
WARNING marriage_queues==1  yet marriage rates are specified for unmarried males THESE RATES WILL BE IGNORED.


 - - - - - - - - - - - - - - - - - - - - - -  - - - - - 

Segment NO:	1 of 1 set to run with following macro options
Duration: 3000

-- I/O options --
Input pop file name	start4grp.opop
No marriage file read
Transition history file NOT read
Xtra variables NOT read

-- Fertility options --
Sex Ratio(prop male births):	 0.511200
Minimum Birth Interval:	9.000000 months
Fertility Multipler inheritance specified:no
Birth rate factors specified:no
Birth Targets Specified:no
Random_father enabled
min age random father:15
-- Nuptiality Options --
marriage_queues==1
Endogamy/Exogamy: random
marriages evaluated by 'distribution' of age diff
mean/sd of agediff for females of group:1 : 2.000000/3.000000
mean/sd of agediff for females of group:2 : 2.000000/3.000000
mean/sd of agediff for females of group:3 : 2.000000/3.000000
mean/sd of agediff for females of group:4 : 2.000000/3.000000

-- Migration Options --
Transition rate targets set:no
child group identity :  inherited from MOTHER

  ||  ||  ||  ||  ||  ||  ||  ||  ||  ||  ||  ||  ||  ||

Simulating...

segment 1 complete current month: 3640

exiting the segment loop

 Simulation Complete 
males on queue
person-years on queue: 239831
females on queue
person-years on queue: 0
ageDiff	targetProp 	observedProp	E(mars)	O(mars)	excess	O/E	score
-100	0.000000e+000	0.000000e+000	0	0	0	0.000000	-1.000000
-99	0.000000e+000	0.000000e+000	0	0	0	0.000000	-1.000000
-98	0.000000e+000	0.000000e+000	0	0	0	0.000000	-1.000000
-97	0.000000e+000	0.000000e+000	0	0	0	0.000000	-1.000000
-96	0.000000e+000	0.000000e+000	0	0	0	0.000000	-1.000000
-95	0.000000e+000	0.000000e+000	0	0	0	0.000000	-1.000000
-94	0.000000e+000	0.000000e+000	0	0	0	0.000000	-1.000000
-93	0.000000e+000	0.000000e+000	0	0	0	0.000000	-1.000000
-92	0.000000e+000	0.000000e+000	0	0	0	0.000000	-1.000000
-91	0.000000e+000	0.000000e+000	0	0	0	0.000000	-1.000000
-90	0.000000e+000	0.000000e+000	0	0	0	0.000000	-1.000000
-89	0.000000e+000	0.000000e+000	0	0	0	0.000000	-1.000000
-88	0.000000e+000	0.000000e+000	0	0	0	0.000000	-1.000000
-87	0.000000e+000	0.000000e+000	0	0	0	0.000000	-1.000000
-86	0.000000e+000	0.000000e+000	0	0	0	0.000000	-1.000000
-85	0.000000e+000	0.000000e+000	0	0	0	0.000000	-1.000000
-84	0.000000e+000	0.000000e+000	0	0	0	0.000000	-1.000000
-83	0.000000e+000	0.000000e+000	0	0	0	0.000000	-1.000000
-82	0.000000e+000	0.000000e+000	0	0	0	0.000000	-1.000000
-81	0.000000e+000	0.000000e+000	0	0	0	0.000000	-1.000000
-80	0.000000e+000	0.000000e+000	0	0	0	0.000000	-1.000000
-79	0.000000e+000	0.000000e+000	0	0	0	0.000000	-1.000000
-78	0.000000e+000	0.000000e+000	0	0	0	0.000000	-1.000000
-77	0.000000e+000	0.000000e+000	0	0	0	0.000000	-1.000000
-76	0.000000e+000	0.000000e+000	0	0	0	0.000000	-1.000000
-75	0.000000e+000	0.000000e+000	0	0	0	0.000000	-1.000000
-74	0.000000e+000	0.000000e+000	0	0	0	0.000000	-1.000000
-73	0.000000e+000	0.000000e+000	0	0	0	0.000000	-1.000000
-72	0.000000e+000	0.000000e+000	0	0	0	0.000000	-1.000000
-71	0.000000e+000	0.000000e+000	0	0	0	0.000000	-1.000000
-70	0.000000e+000	0.000000e+000	0	0	0	0.000000	-1.000000
-69	0.000000e+000	0.000000e+000	0	0	0	0.000000	-1.000000
-68	0.000000e+000	0.000000e+000	0	0	0	0.000000	-1.000000
-67	0.000000e+000	0.000000e+000	0	0	0	0.000000	-1.000000
-66	0.000000e+000	0.000000e+000	0	0	0	0.000000	-1.000000
-65	0.000000e+000	0.000000e+000	0	0	0	0.000000	-1.000000
-64	0.000000e+000	0.000000e+000	0	0	0	0.000000	-1.000000
-63	0.000000e+000	0.000000e+000	0	0	0	0.000000	-1.000000
-62	0.000000e+000	0.000000e+000	0	0	0	0.000000	-1.000000
-61	0.000000e+000	0.000000e+000	0	0	0	0.000000	-1.000000
-60	0.000000e+000	0.000000e+000	0	0	0	0.000000	-1.000000
-59	0.000000e+000	0.000000e+000	0	0	0	0.000000	-1.000000
-58	0.000000e+000	0.000000e+000	0	0	0	0.000000	-1.000000
-57	0.000000e+000	0.000000e+000	0	0	0	0.000000	-1.000000
-56	0.000000e+000	0.000000e+000	0	0	0	0.000000	-1.000000
-55	0.000000e+000	0.000000e+000	0	0	0	0.000000	-1.000000
-54	0.000000e+000	0.000000e+000	0	0	0	0.000000	-1.000000
-53	0.000000e+000	0.000000e+000	0	0	0	0.000000	-1.000000
-52	0.000000e+000	0.000000e+000	0	0	0	0.000000	-1.000000
-51	0.000000e+000	0.000000e+000	0	0	0	0.000000	-1.000000
-50	0.000000e+000	0.000000e+000	0	0	0	0.000000	-1.000000
-49	0.000000e+000	0.000000e+000	0	0	0	0.000000	-1.000000
-48	0.000000e+000	0.000000e+000	0	0	0	0.000000	-1.000000
-47	0.000000e+000	0.000000e+000	0	0	0	0.000000	-1.000000
-46	0.000000e+000	0.000000e+000	0	0	0	0.000000	-1.000000
-45	0.000000e+000	0.000000e+000	0	0	0	0.000000	-1.000000
-44	0.000000e+000	0.000000e+000	0	0	0	0.000000	-1.000000
-43	0.000000e+000	0.000000e+000	0	0	0	0.000000	-1.000000
-42	0.000000e+000	0.000000e+000	0	0	0	0.000000	-1.000000
-41	0.000000e+000	0.000000e+000	0	0	0	0.000000	-1.000000
-40	0.000000e+000	0.000000e+000	0	0	0	0.000000	-1.000000
-39	0.000000e+000	0.000000e+000	0	0	0	0.000000	-1.000000
-38	0.000000e+000	0.000000e+000	0	0	0	0.000000	-1.000000
-37	0.000000e+000	0.000000e+000	0	0	0	0.000000	-1.000000
-36	0.000000e+000	0.000000e+000	0	0	0	0.000000	-1.000000
-35	0.000000e+000	0.000000e+000	0	0	0	0.000000	-1.000000
-34	0.000000e+000	0.000000e+000	0	0	0	0.000000	-1.000000
-33	0.000000e+000	0.000000e+000	0	0	0	0.000000	-1.000000
-32	0.000000e+000	0.000000e+000	0	0	0	0.000000	-1.000000
-31	0.000000e+000	0.000000e+000	0	0	0	0.000000	-1.000000
-30	0.000000e+000	0.000000e+000	0	0	0	0.000000	-1.000000
-29	0.000000e+000	0.000000e+000	0	0	0	0.000000	-1.000000
-28	0.000000e+000	0.000000e+000	0	0	0	0.000000	-1.000000
-27	0.000000e+000	0.000000e+000	0	0	0	0.000000	-1.000000
-26	0.000000e+000	0.000000e+000	0	0	0	0.000000	-1.000000
-25	0.000000e+000	0.000000e+000	0	0	0	0.000000	-1.000000
-24	0.000000e+000	0.000000e+000	0	0	0	0.000000	-1.000000
-23	0.000000e+000	0.000000e+000	0	0	0	0.000000	-1.000000
-22	0.000000e+000	0.000000e+000	0	0	0	0.000000	-1.000000
-21	0.000000e+000	0.000000e+000	0	0	0	0.000000	-1.000000
-20	0.000000e+000	0.000000e+000	0	0	0	0.000000	-1.000000
-19	0.000000e+000	0.000000e+000	0	0	0	0.000000	-1.000000
-18	0.000000e+000	0.000000e+000	0	0	0	0.000000	-1.000000
-17	0.000000e+000	0.000000e+000	0	0	0	0.000000	-1.000000
-16	0.000000e+000	0.000000e+000	0	0	0	0.000000	-1.000000
-15	0.000000e+000	0.000000e+000	0	0	0	0.000000	-1.000000
-14	0.000000e+000	0.000000e+000	0	0	0	0.000000	-1.000000
-13	0.000000e+000	0.000000e+000	0	0	0	0.000000	-1.000000
-12	0.000000e+000	0.000000e+000	0	0	0	0.000000	-1.000000
-11	0.000000e+000	0.000000e+000	0	0	0	0.000000	-1.000000
-10	0.000000e+000	0.000000e+000	0	0	0	0.000000	-1.000000
-9	1.601091e-004	0.000000e+000	0	0	0	0.000000	0.000160
-8	5.141535e-004	0.000000e+000	0	0	0	0.000000	0.000514
-7	1.477457e-003	2.610966e-003	0	1	1	1.000000	-0.001127
-6	3.799109e-003	5.221932e-003	1	2	1	2.000000	-0.001409
-5	8.741658e-003	7.832898e-003	3	3	0	1.000000	0.000929
-4	1.799911e-002	1.827676e-002	6	7	1	1.166667	-0.000230
-3	3.316295e-002	3.394256e-002	12	13	1	1.083333	-0.000691
-2	5.467646e-002	5.483029e-002	20	21	1	1.050000	-0.000011
-1	8.066640e-002	8.093995e-002	30	31	1	1.033333	-0.000063
0	1.064952e-001	1.070496e-001	40	41	1	1.025000	-0.000276
1	1.258092e-001	1.253264e-001	48	48	0	1.000000	0.000809
2	1.329964e-001	1.331593e-001	50	51	1	1.020000	0.000184
3	1.258092e-001	1.253264e-001	48	48	0	1.000000	0.000809
4	1.064952e-001	1.044386e-001	40	40	0	1.000000	0.002329
5	8.066640e-002	8.093995e-002	30	31	1	1.033333	-0.000063
6	5.467646e-002	5.483029e-002	20	21	1	1.050000	-0.000011
7	3.316295e-002	3.394256e-002	12	13	1	1.083333	-0.000691
8	1.799911e-002	1.827676e-002	6	7	1	1.166667	-0.000230
9	8.741658e-003	7.832898e-003	3	3	0	1.000000	0.000929
10	3.799109e-003	2.610966e-003	1	1	0	1.000000	0.001195
11	1.477457e-003	2.610966e-003	0	1	1	1.000000	-0.001127
12	5.141535e-004	0.000000e+000	0	0	0	0.000000	0.000514
13	1.601091e-004	0.000000e+000	0	0	0	0.000000	0.000160
14	0.000000e+000	0.000000e+000	0	0	0	0.000000	-1.000000
15	0.000000e+000	0.000000e+000	0	0	0	0.000000	-1.000000
16	0.000000e+000	0.000000e+000	0	0	0	0.000000	-1.000000
17	0.000000e+000	0.000000e+000	0	0	0	0.000000	-1.000000
18	0.000000e+000	0.000000e+000	0	0	0	0.000000	-1.000000
19	0.000000e+000	0.000000e+000	0	0	0	0.000000	-1.000000
20	0.000000e+000	0.000000e+000	0	0	0	0.000000	-1.000000
21	0.000000e+000	0.000000e+000	0	0	0	0.000000	-1.000000
22	0.000000e+000	0.000000e+000	0	0	0	0.000000	-1.000000
23	0.000000e+000	0.000000e+000	0	0	0	0.000000	-1.000000
24	0.000000e+000	0.000000e+000	0	0	0	0.000000	-1.000000
25	0.000000e+000	0.000000e+000	0	0	0	0.000000	-1.000000
26	0.000000e+000	0.000000e+000	0	0	0	0.000000	-1.000000
27	0.000000e+000	0.000000e+000	0	0	0	0.000000	-1.000000
28	0.000000e+000	0.000000e+000	0	0	0	0.000000	-1.000000
29	0.000000e+000	0.000000e+000	0	0	0	0.000000	-1.000000
30	0.000000e+000	0.000000e+000	0	0	0	0.000000	-1.000000
31	0.000000e+000	0.000000e+000	0	0	0	0.000000	-1.000000
32	0.000000e+000	0.000000e+000	0	0	0	0.000000	-1.000000
33	0.000000e+000	0.000000e+000	0	0	0	0.000000	-1.000000
34	0.000000e+000	0.000000e+000	0	0	0	0.000000	-1.000000
35	0.000000e+000	0.000000e+000	0	0	0	0.000000	-1.000000
36	0.000000e+000	0.000000e+000	0	0	0	0.000000	-1.000000
37	0.000000e+000	0.000000e+000	0	0	0	0.000000	-1.000000
38	0.000000e+000	0.000000e+000	0	0	0	0.000000	-1.000000
39	0.000000e+000	0.000000e+000	0	0	0	0.000000	-1.000000
40	0.000000e+000	0.000000e+000	0	0	0	0.000000	-1.000000
41	0.000000e+000	0.000000e+000	0	0	0	0.000000	-1.000000
42	0.000000e+000	0.000000e+000	0	0	0	0.000000	-1.000000
43	0.000000e+000	0.000000e+000	0	0	0	0.000000	-1.000000
44	0.000000e+000	0.000000e+000	0	0	0	0.000000	-1.000000
45	0.000000e+000	0.000000e+000	0	0	0	0.000000	-1.000000
46	0.000000e+000	0.000000e+000	0	0	0	0.000000	-1.000000
47	0.000000e+000	0.000000e+000	0	0	0	0.000000	-1.000000
48	0.000000e+000	0.000000e+000	0	0	0	0.000000	-1.000000
49	0.000000e+000	0.000000e+000	0	0	0	0.000000	-1.000000
50	0.000000e+000	0.000000e+000	0	0	0	0.000000	-1.000000
51	0.000000e+000	0.000000e+000	0	0	0	0.000000	-1.000000
52	0.000000e+000	0.000000e+000	0	0	0	0.000000	-1.000000
53	0.000000e+000	0.000000e+000	0	0	0	0.000000	-1.000000
54	0.000000e+000	0.000000e+000	0	0	0	0.000000	-1.000000
55	0.000000e+000	0.000000e+000	0	0	0	0.000000	-1.000000
56	0.000000e+000	0.000000e+000	0	0	0	0.000000	-1.000000
57	0.000000e+000	0.000000e+000	0	0	0	0.000000	-1.000000
58	0.000000e+000	0.000000e+000	0	0	0	0.000000	-1.000000
59	0.000000e+000	0.000000e+000	0	0	0	0.000000	-1.000000
60	0.000000e+000	0.000000e+000	0	0	0	0.000000	-1.000000
61	0.000000e+000	0.000000e+000	0	0	0	0.000000	-1.000000
62	0.000000e+000	0.000000e+000	0	0	0	0.000000	-1.000000
63	0.000000e+000	0.000000e+000	0	0	0	0.000000	-1.000000
64	0.000000e+000	0.000000e+000	0	0	0	0.000000	-1.000000
65	0.000000e+000	0.000000e+000	0	0	0	0.000000	-1.000000
66	0.000000e+000	0.000000e+000	0	0	0	0.000000	-1.000000
67	0.000000e+000	0.000000e+000	0	0	0	0.000000	-1.000000
68	0.000000e+000	0.000000e+000	0	0	0	0.000000	-1.000000
69	0.000000e+000	0.000000e+000	0	0	0	0.000000	-1.000000
70	0.000000e+000	0.000000e+000	0	0	0	0.000000	-1.000000
71	0.000000e+000	0.000000e+000	0	0	0	0.000000	-1.000000
72	0.000000e+000	0.000000e+000	0	0	0	0.000000	-1.000000
73	0.000000e+000	0.000000e+000	0	0	0	0.000000	-1.000000
74	0.000000e+000	0.000000e+000	0	0	0	0.000000	-1.000000
75	0.000000e+000	0.000000e+000	0	0	0	0.000000	-1.000000
76	0.000000e+000	0.000000e+000	0	0	0	0.000000	-1.000000
77	0.000000e+000	0.000000e+000	0	0	0	0.000000	-1.000000
78	0.000000e+000	0.000000e+000	0	0	0	0.000000	-1.000000
79	0.000000e+000	0.000000e+000	0	0	0	0.000000	-1.000000
80	0.000000e+000	0.000000e+000	0	0	0	0.000000	-1.000000
81	0.000000e+000	0.000000e+000	0	0	0	0.000000	-1.000000
82	0.000000e+000	0.000000e+000	0	0	0	0.000000	-1.000000
83	0.000000e+000	0.000000e+000	0	0	0	0.000000	-1.000000
84	0.000000e+000	0.000000e+000	0	0	0	0.000000	-1.000000
85	0.000000e+000	0.000000e+000	0	0	0	0.000000	-1.000000
86	0.000000e+000	0.000000e+000	0	0	0	0.000000	-1.000000
87	0.000000e+000	0.000000e+000	0	0	0	0.000000	-1.000000
88	0.000000e+000	0.000000e+000	0	0	0	0.000000	-1.000000
89	0.000000e+000	0.000000e+000	0	0	0	0.000000	-1.000000
90	0.000000e+000	0.000000e+000	0	0	0	0.000000	-1.000000
91	0.000000e+000	0.000000e+000	0	0	0	0.000000	-1.000000
92	0.000000e+000	0.000000e+000	0	0	0	0.000000	-1.000000
93	0.000000e+000	0.000000e+000	0	0	0	0.000000	-1.000000
94	0.000000e+000	0.000000e+000	0	0	0	0.000000	-1.000000
95	0.000000e+000	0.000000e+000	0	0	0	0.000000	-1.000000
96	0.000000e+000	0.000000e+000	0	0	0	0.000000	-1.000000
97	0.000000e+000	0.000000e+000	0	0	0	0.000000	-1.000000
98	0.000000e+000	0.000000e+000	0	0	0	0.000000	-1.000000
99	0.000000e+000	0.000000e+000	0	0	0	0.000000	-1.000000
Absolute sum of fract expected-observed in group 1:0.014753
-100	0.000000e+000	0.000000e+000	0	0	0	0.000000	-1.000000
-99	0.000000e+000	0.000000e+000	0	0	0	0.000000	-1.000000
-98	0.000000e+000	0.000000e+000	0	0	0	0.000000	-1.000000
-97	0.000000e+000	0.000000e+000	0	0	0	0.000000	-1.000000
-96	0.000000e+000	0.000000e+000	0	0	0	0.000000	-1.000000
-95	0.000000e+000	0.000000e+000	0	0	0	0.000000	-1.000000
-94	0.000000e+000	0.000000e+000	0	0	0	0.000000	-1.000000
-93	0.000000e+000	0.000000e+000	0	0	0	0.000000	-1.000000
-92	0.000000e+000	0.000000e+000	0	0	0	0.000000	-1.000000
-91	0.000000e+000	0.000000e+000	0	0	0	0.000000	-1.000000
-90	0.000000e+000	0.000000e+000	0	0	0	0.000000	-1.000000
-89	0.000000e+000	0.000000e+000	0	0	0	0.000000	-1.000000
-88	0.000000e+000	0.000000e+000	0	0	0	0.000000	-1.000000
-87	0.000000e+000	0.000000e+000	0	0	0	0.000000	-1.000000
-86	0.000000e+000	0.000000e+000	0	0	0	0.000000	-1.000000
-85	0.000000e+000	0.000000e+000	0	0	0	0.000000	-1.000000
-84	0.000000e+000	0.000000e+000	0	0	0	0.000000	-1.000000
-83	0.000000e+000	0.000000e+000	0	0	0	0.000000	-1.000000
-82	0.000000e+000	0.000000e+000	0	0	0	0.000000	-1.000000
-81	0.000000e+000	0.000000e+000	0	0	0	0.000000	-1.000000
-80	0.000000e+000	0.000000e+000	0	0	0	0.000000	-1.000000
-79	0.000000e+000	0.000000e+000	0	0	0	0.000000	-1.000000
-78	0.000000e+000	0.000000e+000	0	0	0	0.000000	-1.000000
-77	0.000000e+000	0.000000e+000	0	0	0	0.000000	-1.000000
-76	0.000000e+000	0.000000e+000	0	0	0	0.000000	-1.000000
-75	0.000000e+000	0.000000e+000	0	0	0	0.000000	-1.000000
-74	0.000000e+000	0.000000e+000	0	0	0	0.000000	-1.000000
-73	0.000000e+000	0.000000e+000	0	0	0	0.000000	-1.000000
-72	0.000000e+000	0.000000e+000	0	0	0	0.000000	-1.000000
-71	0.000000e+000	0.000000e+000	0	0	0	0.000000	-1.000000
-70	0.000000e+000	0.000000e+000	0	0	0	0.000000	-1.000000
-69	0.000000e+000	0.000000e+000	0	0	0	0.000000	-1.000000
-68	0.000000e+000	0.000000e+000	0	0	0	0.000000	-1.000000
-67	0.000000e+000	0.000000e+000	0	0	0	0.000000	-1.000000
-66	0.000000e+000	0.000000e+000	0	0	0	0.000000	-1.000000
-65	0.000000e+000	0.000000e+000	0	0	0	0.000000	-1.000000
-64	0.000000e+000	0.000000e+000	0	0	0	0.000000	-1.000000
-63	0.000000e+000	0.000000e+000	0	0	0	0.000000	-1.000000
-62	0.000000e+000	0.000000e+000	0	0	0	0.000000	-1.000000
-61	0.000000e+000	0.000000e+000	0	0	0	0.000000	-1.000000
-60	0.000000e+000	0.000000e+000	0	0	0	0.000000	-1.000000
-59	0.000000e+000	0.000000e+000	0	0	0	0.000000	-1.000000
-58	0.000000e+000	0.000000e+000	0	0	0	0.000000	-1.000000
-57	0.000000e+000	0.000000e+000	0	0	0	0.000000	-1.000000
-56	0.000000e+000	0.000000e+000	0	0	0	0.000000	-1.000000
-55	0.000000e+000	0.000000e+000	0	0	0	0.000000	-1.000000
-54	0.000000e+000	0.000000e+000	0	0	0	0.000000	-1.000000
-53	0.000000e+000	0.000000e+000	0	0	0	0.000000	-1.000000
-52	0.000000e+000	0.000000e+000	0	0	0	0.000000	-1.000000
-51	0.000000e+000	0.000000e+000	0	0	0	0.000000	-1.000000
-50	0.000000e+000	0.000000e+000	0	0	0	0.000000	-1.000000
-49	0.000000e+000	0.000000e+000	0	0	0	0.000000	-1.000000
-48	0.000000e+000	0.000000e+000	0	0	0	0.000000	-1.000000
-47	0.000000e+000	0.000000e+000	0	0	0	0.000000	-1.000000
-46	0.000000e+000	0.000000e+000	0	0	0	0.000000	-1.000000
-45	0.000000e+000	0.000000e+000	0	0	0	0.000000	-1.000000
-44	0.000000e+000	0.000000e+000	0	0	0	0.000000	-1.000000
-43	0.000000e+000	0.000000e+000	0	0	0	0.000000	-1.000000
-42	0.000000e+000	0.000000e+000	0	0	0	0.000000	-1.000000
-41	0.000000e+000	0.000000e+000	0	0	0	0.000000	-1.000000
-40	0.000000e+000	0.000000e+000	0	0	0	0.000000	-1.000000
-39	0.000000e+000	0.000000e+000	0	0	0	0.000000	-1.000000
-38	0.000000e+000	0.000000e+000	0	0	0	0.000000	-1.000000
-37	0.000000e+000	0.000000e+000	0	0	0	0.000000	-1.000000
-36	0.000000e+000	0.000000e+000	0	0	0	0.000000	-1.000000
-35	0.000000e+000	0.000000e+000	0	0	0	0.000000	-1.000000
-34	0.000000e+000	0.000000e+000	0	0	0	0.000000	-1.000000
-33	0.000000e+000	0.000000e+000	0	0	0	0.000000	-1.000000
-32	0.000000e+000	0.000000e+000	0	0	0	0.000000	-1.000000
-31	0.000000e+000	0.000000e+000	0	0	0	0.000000	-1.000000
-30	0.000000e+000	0.000000e+000	0	0	0	0.000000	-1.000000
-29	0.000000e+000	0.000000e+000	0	0	0	0.000000	-1.000000
-28	0.000000e+000	0.000000e+000	0	0	0	0.000000	-1.000000
-27	0.000000e+000	0.000000e+000	0	0	0	0.000000	-1.000000
-26	0.000000e+000	0.000000e+000	0	0	0	0.000000	-1.000000
-25	0.000000e+000	0.000000e+000	0	0	0	0.000000	-1.000000
-24	0.000000e+000	0.000000e+000	0	0	0	0.000000	-1.000000
-23	0.000000e+000	0.000000e+000	0	0	0	0.000000	-1.000000
-22	0.000000e+000	0.000000e+000	0	0	0	0.000000	-1.000000
-21	0.000000e+000	0.000000e+000	0	0	0	0.000000	-1.000000
-20	0.000000e+000	0.000000e+000	0	0	0	0.000000	-1.000000
-19	0.000000e+000	0.000000e+000	0	0	0	0.000000	-1.000000
-18	0.000000e+000	0.000000e+000	0	0	0	0.000000	-1.000000
-17	0.000000e+000	0.000000e+000	0	0	0	0.000000	-1.000000
-16	0.000000e+000	0.000000e+000	0	0	0	0.000000	-1.000000
-15	0.000000e+000	0.000000e+000	0	0	0	0.000000	-1.000000
-14	0.000000e+000	0.000000e+000	0	0	0	0.000000	-1.000000
-13	0.000000e+000	0.000000e+000	0	0	0	0.000000	-1.000000
-12	0.000000e+000	0.000000e+000	0	0	0	0.000000	-1.000000
-11	0.000000e+000	0.000000e+000	0	0	0	0.000000	-1.000000
-10	0.000000e+000	0.000000e+000	0	0	0	0.000000	-1.000000
-9	1.601091e-004	0.000000e+000	0	0	0	0.000000	0.000160
-8	5.141535e-004	0.000000e+000	0	0	0	0.000000	0.000514
-7	1.477457e-003	1.754386e-003	0	1	1	1.000000	-0.000274
-6	3.799109e-003	3.508772e-003	2	2	0	1.000000	0.000296
-5	8.741658e-003	8.771930e-003	4	5	1	1.250000	-0.000015
-4	1.799911e-002	1.754386e-002	10	10	0	1.000000	0.000486
-3	3.316295e-002	3.333333e-002	18	19	1	1.055556	-0.000112
-2	5.467646e-002	5.438596e-002	31	31	0	1.000000	0.000386
-1	8.066640e-002	8.070175e-002	45	46	1	1.022222	0.000106
0	1.064952e-001	1.070175e-001	60	61	1	1.016667	-0.000335
1	1.258092e-001	1.245614e-001	71	71	0	1.000000	0.001466
2	1.329964e-001	1.333333e-001	75	76	1	1.013333	-0.000103
3	1.258092e-001	1.263158e-001	71	72	1	1.014085	-0.000285
4	1.064952e-001	1.070175e-001	60	61	1	1.016667	-0.000335
5	8.066640e-002	8.070175e-002	45	46	1	1.022222	0.000106
6	5.467646e-002	5.438596e-002	31	31	0	1.000000	0.000386
7	3.316295e-002	3.333333e-002	18	19	1	1.055556	-0.000112
8	1.799911e-002	1.754386e-002	10	10	0	1.000000	0.000486
9	8.741658e-003	8.771930e-003	4	5	1	1.250000	-0.000015
10	3.799109e-003	3.508772e-003	2	2	0	1.000000	0.000296
11	1.477457e-003	1.754386e-003	0	1	1	1.000000	-0.000274
12	5.141535e-004	1.754386e-003	0	1	1	1.000000	-0.001237
13	1.601091e-004	0.000000e+000	0	0	0	0.000000	0.000160
14	0.000000e+000	0.000000e+000	0	0	0	0.000000	-1.000000
15	0.000000e+000	0.000000e+000	0	0	0	0.000000	-1.000000
16	0.000000e+000	0.000000e+000	0	0	0	0.000000	-1.000000
17	0.000000e+000	0.000000e+000	0	0	0	0.000000	-1.000000
18	0.000000e+000	0.000000e+000	0	0	0	0.000000	-1.000000
19	0.000000e+000	0.000000e+000	0	0	0	0.000000	-1.000000
20	0.000000e+000	0.000000e+000	0	0	0	0.000000	-1.000000
21	0.000000e+000	0.000000e+000	0	0	0	0.000000	-1.000000
22	0.000000e+000	0.000000e+000	0	0	0	0.000000	-1.000000
23	0.000000e+000	0.000000e+000	0	0	0	0.000000	-1.000000
24	0.000000e+000	0.000000e+000	0	0	0	0.000000	-1.000000
25	0.000000e+000	0.000000e+000	0	0	0	0.000000	-1.000000
26	0.000000e+000	0.000000e+000	0	0	0	0.000000	-1.000000
27	0.000000e+000	0.000000e+000	0	0	0	0.000000	-1.000000
28	0.000000e+000	0.000000e+000	0	0	0	0.000000	-1.000000
29	0.000000e+000	0.000000e+000	0	0	0	0.000000	-1.000000
30	0.000000e+000	0.000000e+000	0	0	0	0.000000	-1.000000
31	0.000000e+000	0.000000e+000	0	0	0	0.000000	-1.000000
32	0.000000e+000	0.000000e+000	0	0	0	0.000000	-1.000000
33	0.000000e+000	0.000000e+000	0	0	0	0.000000	-1.000000
34	0.000000e+000	0.000000e+000	0	0	0	0.000000	-1.000000
35	0.000000e+000	0.000000e+000	0	0	0	0.000000	-1.000000
36	0.000000e+000	0.000000e+000	0	0	0	0.000000	-1.000000
37	0.000000e+000	0.000000e+000	0	0	0	0.000000	-1.000000
38	0.000000e+000	0.000000e+000	0	0	0	0.000000	-1.000000
39	0.000000e+000	0.000000e+000	0	0	0	0.000000	-1.000000
40	0.000000e+000	0.000000e+000	0	0	0	0.000000	-1.000000
41	0.000000e+000	0.000000e+000	0	0	0	0.000000	-1.000000
42	0.000000e+000	0.000000e+000	0	0	0	0.000000	-1.000000
43	0.000000e+000	0.000000e+000	0	0	0	0.000000	-1.000000
44	0.000000e+000	0.000000e+000	0	0	0	0.000000	-1.000000
45	0.000000e+000	0.000000e+000	0	0	0	0.000000	-1.000000
46	0.000000e+000	0.000000e+000	0	0	0	0.000000	-1.000000
47	0.000000e+000	0.000000e+000	0	0	0	0.000000	-1.000000
48	0.000000e+000	0.000000e+000	0	0	0	0.000000	-1.000000
49	0.000000e+000	0.000000e+000	0	0	0	0.000000	-1.000000
50	0.000000e+000	0.000000e+000	0	0	0	0.000000	-1.000000
51	0.000000e+000	0.000000e+000	0	0	0	0.000000	-1.000000
52	0.000000e+000	0.000000e+000	0	0	0	0.000000	-1.000000
53	0.000000e+000	0.000000e+000	0	0	0	0.000000	-1.000000
54	0.000000e+000	0.000000e+000	0	0	0	0.000000	-1.000000
55	0.000000e+000	0.000000e+000	0	0	0	0.000000	-1.000000
56	0.000000e+000	0.000000e+000	0	0	0	0.000000	-1.000000
57	0.000000e+000	0.000000e+000	0	0	0	0.000000	-1.000000
58	0.000000e+000	0.000000e+000	0	0	0	0.000000	-1.000000
59	0.000000e+000	0.000000e+000	0	0	0	0.000000	-1.000000
60	0.000000e+000	0.000000e+000	0	0	0	0.000000	-1.000000
61	0.000000e+000	0.000000e+000	0	0	0	0.000000	-1.000000
62	0.000000e+000	0.000000e+000	0	0	0	0.000000	-1.000000
63	0.000000e+000	0.000000e+000	0	0	0	0.000000	-1.000000
64	0.000000e+000	0.000000e+000	0	0	0	0.000000	-1.000000
65	0.000000e+000	0.000000e+000	0	0	0	0.000000	-1.000000
66	0.000000e+000	0.000000e+000	0	0	0	0.000000	-1.000000
67	0.000000e+000	0.000000e+000	0	0	0	0.000000	-1.000000
68	0.000000e+000	0.000000e+000	0	0	0	0.000000	-1.000000
69	0.000000e+000	0.000000e+000	0	0	0	0.000000	-1.000000
70	0.000000e+000	0.000000e+000	0	0	0	0.000000	-1.000000
71	0.000000e+000	0.000000e+000	0	0	0	0.000000	-1.000000
72	0.000000e+000	0.000000e+000	0	0	0	0.000000	-1.000000
73	0.000000e+000	0.000000e+000	0	0	0	0.000000	-1.000000
74	0.000000e+000	0.000000e+000	0	0	0	0.000000	-1.000000
75	0.000000e+000	0.000000e+000	0	0	0	0.000000	-1.000000
76	0.000000e+000	0.000000e+000	0	0	0	0.000000	-1.000000
77	0.000000e+000	0.000000e+000	0	0	0	0.000000	-1.000000
78	0.000000e+000	0.000000e+000	0	0	0	0.000000	-1.000000
79	0.000000e+000	0.000000e+000	0	0	0	0.000000	-1.000000
80	0.000000e+000	0.000000e+000	0	0	0	0.000000	-1.000000
81	0.000000e+000	0.000000e+000	0	0	0	0.000000	-1.000000
82	0.000000e+000	0.000000e+000	0	0	0	0.000000	-1.000000
83	0.000000e+000	0.000000e+000	0	0	0	0.000000	-1.000000
84	0.000000e+000	0.000000e+000	0	0	0	0.000000	-1.000000
85	0.000000e+000	0.000000e+000	0	0	0	0.000000	-1.000000
86	0.000000e+000	0.000000e+000	0	0	0	0.000000	-1.000000
87	0.000000e+000	0.000000e+000	0	0	0	0.000000	-1.000000
88	0.000000e+000	0.000000e+000	0	0	0	0.000000	-1.000000
89	0.000000e+000	0.000000e+000	0	0	0	0.000000	-1.000000
90	0.000000e+000	0.000000e+000	0	0	0	0.000000	-1.000000
91	0.000000e+000	0.000000e+000	0	0	0	0.000000	-1.000000
92	0.000000e+000	0.000000e+000	0	0	0	0.000000	-1.000000
93	0.000000e+000	0.000000e+000	0	0	0	0.000000	-1.000000
94	0.000000e+000	0.000000e+000	0	0	0	0.000000	-1.000000
95	0.000000e+000	0.000000e+000	0	0	0	0.000000	-1.000000
96	0.000000e+000	0.000000e+000	0	0	0	0.000000	-1.000000
97	0.000000e+000	0.000000e+000	0	0	0	0.000000	-1.000000
98	0.000000e+000	0.000000e+000	0	0	0	0.000000	-1.000000
99	0.000000e+000	0.000000e+000	0	0	0	0.000000	-1.000000
Absolute sum of fract expected-observed in group 2:0.023061
-100	0.000000e+000	0.000000e+000	0	0	0	0.000000	-1.000000
-99	0.000000e+000	0.000000e+000	0	0	0	0.000000	-1.000000
-98	0.000000e+000	0.000000e+000	0	0	0	0.000000	-1.000000
-97	0.000000e+000	0.000000e+000	0	0	0	0.000000	-1.000000
-96	0.000000e+000	0.000000e+000	0	0	0	0.000000	-1.000000
-95	0.000000e+000	0.000000e+000	0	0	0	0.000000	-1.000000
-94	0.000000e+000	0.000000e+000	0	0	0	0.000000	-1.000000
-93	0.000000e+000	0.000000e+000	0	0	0	0.000000	-1.000000
-92	0.000000e+000	0.000000e+000	0	0	0	0.000000	-1.000000
-91	0.000000e+000	0.000000e+000	0	0	0	0.000000	-1.000000
-90	0.000000e+000	0.000000e+000	0	0	0	0.000000	-1.000000
-89	0.000000e+000	0.000000e+000	0	0	0	0.000000	-1.000000
-88	0.000000e+000	0.000000e+000	0	0	0	0.000000	-1.000000
-87	0.000000e+000	0.000000e+000	0	0	0	0.000000	-1.000000
-86	0.000000e+000	0.000000e+000	0	0	0	0.000000	-1.000000
-85	0.000000e+000	0.000000e+000	0	0	0	0.000000	-1.000000
-84	0.000000e+000	0.000000e+000	0	0	0	0.000000	-1.000000
-83	0.000000e+000	0.000000e+000	0	0	0	0.000000	-1.000000
-82	0.000000e+000	0.000000e+000	0	0	0	0.000000	-1.000000
-81	0.000000e+000	0.000000e+000	0	0	0	0.000000	-1.000000
-80	0.000000e+000	0.000000e+000	0	0	0	0.000000	-1.000000
-79	0.000000e+000	0.000000e+000	0	0	0	0.000000	-1.000000
-78	0.000000e+000	0.000000e+000	0	0	0	0.000000	-1.000000
-77	0.000000e+000	0.000000e+000	0	0	0	0.000000	-1.000000
-76	0.000000e+000	0.000000e+000	0	0	0	0.000000	-1.000000
-75	0.000000e+000	0.000000e+000	0	0	0	0.000000	-1.000000
-74	0.000000e+000	0.000000e+000	0	0	0	0.000000	-1.000000
-73	0.000000e+000	0.000000e+000	0	0	0	0.000000	-1.000000
-72	0.000000e+000	0.000000e+000	0	0	0	0.000000	-1.000000
-71	0.000000e+000	0.000000e+000	0	0	0	0.000000	-1.000000
-70	0.000000e+000	0.000000e+000	0	0	0	0.000000	-1.000000
-69	0.000000e+000	0.000000e+000	0	0	0	0.000000	-1.000000
-68	0.000000e+000	0.000000e+000	0	0	0	0.000000	-1.000000
-67	0.000000e+000	0.000000e+000	0	0	0	0.000000	-1.000000
-66	0.000000e+000	0.000000e+000	0	0	0	0.000000	-1.000000
-65	0.000000e+000	0.000000e+000	0	0	0	0.000000	-1.000000
-64	0.000000e+000	0.000000e+000	0	0	0	0.000000	-1.000000
-63	0.000000e+000	0.000000e+000	0	0	0	0.000000	-1.000000
-62	0.000000e+000	0.000000e+000	0	0	0	0.000000	-1.000000
-61	0.000000e+000	0.000000e+000	0	0	0	0.000000	-1.000000
-60	0.000000e+000	0.000000e+000	0	0	0	0.000000	-1.000000
-59	0.000000e+000	0.000000e+000	0	0	0	0.000000	-1.000000
-58	0.000000e+000	0.000000e+000	0	0	0	0.000000	-1.000000
-57	0.000000e+000	0.000000e+000	0	0	0	0.000000	-1.000000
-56	0.000000e+000	0.000000e+000	0	0	0	0.000000	-1.000000
-55	0.000000e+000	0.000000e+000	0	0	0	0.000000	-1.000000
-54	0.000000e+000	0.000000e+000	0	0	0	0.000000	-1.000000
-53	0.000000e+000	0.000000e+000	0	0	0	0.000000	-1.000000
-52	0.000000e+000	0.000000e+000	0	0	0	0.000000	-1.000000
-51	0.000000e+000	0.000000e+000	0	0	0	0.000000	-1.000000
-50	0.000000e+000	0.000000e+000	0	0	0	0.000000	-1.000000
-49	0.000000e+000	0.000000e+000	0	0	0	0.000000	-1.000000
-48	0.000000e+000	0.000000e+000	0	0	0	0.000000	-1.000000
-47	0.000000e+000	0.000000e+000	0	0	0	0.000000	-1.000000
-46	0.000000e+000	0.000000e+000	0	0	0	0.000000	-1.000000
-45	0.000000e+000	0.000000e+000	0	0	0	0.000000	-1.000000
-44	0.000000e+000	0.000000e+000	0	0	0	0.000000	-1.000000
-43	0.000000e+000	0.000000e+000	0	0	0	0.000000	-1.000000
-42	0.000000e+000	0.000000e+000	0	0	0	0.000000	-1.000000
-41	0.000000e+000	0.000000e+000	0	0	0	0.000000	-1.000000
-40	0.000000e+000	0.000000e+000	0	0	0	0.000000	-1.000000
-39	0.000000e+000	0.000000e+000	0	0	0	0.000000	-1.000000
-38	0.000000e+000	0.000000e+000	0	0	0	0.000000	-1.000000
-37	0.000000e+000	0.000000e+000	0	0	0	0.000000	-1.000000
-36	0.000000e+000	0.000000e+000	0	0	0	0.000000	-1.000000
-35	0.000000e+000	0.000000e+000	0	0	0	0.000000	-1.000000
-34	0.000000e+000	0.000000e+000	0	0	0	0.000000	-1.000000
-33	0.000000e+000	0.000000e+000	0	0	0	0.000000	-1.000000
-32	0.000000e+000	0.000000e+000	0	0	0	0.000000	-1.000000
-31	0.000000e+000	0.000000e+000	0	0	0	0.000000	-1.000000
-30	0.000000e+000	0.000000e+000	0	0	0	0.000000	-1.000000
-29	0.000000e+000	0.000000e+000	0	0	0	0.000000	-1.000000
-28	0.000000e+000	0.000000e+000	0	0	0	0.000000	-1.000000
-27	0.000000e+000	0.000000e+000	0	0	0	0.000000	-1.000000
-26	0.000000e+000	0.000000e+000	0	0	0	0.000000	-1.000000
-25	0.000000e+000	0.000000e+000	0	0	0	0.000000	-1.000000
-24	0.000000e+000	0.000000e+000	0	0	0	0.000000	-1.000000
-23	0.000000e+000	0.000000e+000	0	0	0	0.000000	-1.000000
-22	0.000000e+000	0.000000e+000	0	0	0	0.000000	-1.000000
-21	0.000000e+000	0.000000e+000	0	0	0	0.000000	-1.000000
-20	0.000000e+000	0.000000e+000	0	0	0	0.000000	-1.000000
-19	0.000000e+000	0.000000e+000	0	0	0	0.000000	-1.000000
-18	0.000000e+000	0.000000e+000	0	0	0	0.000000	-1.000000
-17	0.000000e+000	0.000000e+000	0	0	0	0.000000	-1.000000
-16	0.000000e+000	0.000000e+000	0	0	0	0.000000	-1.000000
-15	0.000000e+000	0.000000e+000	0	0	0	0.000000	-1.000000
-14	0.000000e+000	0.000000e+000	0	0	0	0.000000	-1.000000
-13	0.000000e+000	0.000000e+000	0	0	0	0.000000	-1.000000
-12	0.000000e+000	0.000000e+000	0	0	0	0.000000	-1.000000
-11	0.000000e+000	0.000000e+000	0	0	0	0.000000	-1.000000
-10	0.000000e+000	0.000000e+000	0	0	0	0.000000	-1.000000
-9	1.601091e-004	0.000000e+000	0	0	0	0.000000	0.000160
-8	5.141535e-004	0.000000e+000	0	0	0	0.000000	0.000514
-7	1.477457e-003	1.459854e-003	1	1	0	1.000000	0.000020
-6	3.799109e-003	4.379562e-003	2	3	1	1.500000	-0.000574
-5	8.741658e-003	8.759124e-003	5	6	1	1.200000	-0.000005
-4	1.799911e-002	1.751825e-002	12	12	0	1.000000	0.000506
-3	3.316295e-002	3.357664e-002	22	23	1	1.045455	-0.000365
-2	5.467646e-002	5.547445e-002	37	38	1	1.027027	-0.000717
-1	8.066640e-002	8.029197e-002	55	55	0	1.000000	0.000491
0	1.064952e-001	1.065693e-001	72	73	1	1.013889	0.000081
1	1.258092e-001	1.255474e-001	86	86	0	1.000000	0.000445
2	1.329964e-001	1.328467e-001	91	91	0	1.000000	0.000343
3	1.258092e-001	1.255474e-001	86	86	0	1.000000	0.000445
4	1.064952e-001	1.065693e-001	72	73	1	1.013889	0.000081
5	8.066640e-002	8.029197e-002	55	55	0	1.000000	0.000491
6	5.467646e-002	5.401460e-002	37	37	0	1.000000	0.000741
7	3.316295e-002	3.357664e-002	22	23	1	1.045455	-0.000365
8	1.799911e-002	1.751825e-002	12	12	0	1.000000	0.000506
9	8.741658e-003	8.759124e-003	5	6	1	1.200000	-0.000005
10	3.799109e-003	4.379562e-003	2	3	1	1.500000	-0.000574
11	1.477457e-003	1.459854e-003	1	1	0	1.000000	0.000020
12	5.141535e-004	1.459854e-003	0	1	1	1.000000	-0.000944
13	1.601091e-004	0.000000e+000	0	0	0	0.000000	0.000160
14	0.000000e+000	0.000000e+000	0	0	0	0.000000	-1.000000
15	0.000000e+000	0.000000e+000	0	0	0	0.000000	-1.000000
16	0.000000e+000	0.000000e+000	0	0	0	0.000000	-1.000000
17	0.000000e+000	0.000000e+000	0	0	0	0.000000	-1.000000
18	0.000000e+000	0.000000e+000	0	0	0	0.000000	-1.000000
19	0.000000e+000	0.000000e+000	0	0	0	0.000000	-1.000000
20	0.000000e+000	0.000000e+000	0	0	0	0.000000	-1.000000
21	0.000000e+000	0.000000e+000	0	0	0	0.000000	-1.000000
22	0.000000e+000	0.000000e+000	0	0	0	0.000000	-1.000000
23	0.000000e+000	0.000000e+000	0	0	0	0.000000	-1.000000
24	0.000000e+000	0.000000e+000	0	0	0	0.000000	-1.000000
25	0.000000e+000	0.000000e+000	0	0	0	0.000000	-1.000000
26	0.000000e+000	0.000000e+000	0	0	0	0.000000	-1.000000
27	0.000000e+000	0.000000e+000	0	0	0	0.000000	-1.000000
28	0.000000e+000	0.000000e+000	0	0	0	0.000000	-1.000000
29	0.000000e+000	0.000000e+000	0	0	0	0.000000	-1.000000
30	0.000000e+000	0.000000e+000	0	0	0	0.000000	-1.000000
31	0.000000e+000	0.000000e+000	0	0	0	0.000000	-1.000000
32	0.000000e+000	0.000000e+000	0	0	0	0.000000	-1.000000
33	0.000000e+000	0.000000e+000	0	0	0	0.000000	-1.000000
34	0.000000e+000	0.000000e+000	0	0	0	0.000000	-1.000000
35	0.000000e+000	0.000000e+000	0	0	0	0.000000	-1.000000
36	0.000000e+000	0.000000e+000	0	0	0	0.000000	-1.000000
37	0.000000e+000	0.000000e+000	0	0	0	0.000000	-1.000000
38	0.000000e+000	0.000000e+000	0	0	0	0.000000	-1.000000
39	0.000000e+000	0.000000e+000	0	0	0	0.000000	-1.000000
40	0.000000e+000	0.000000e+000	0	0	0	0.000000	-1.000000
41	0.000000e+000	0.000000e+000	0	0	0	0.000000	-1.000000
42	0.000000e+000	0.000000e+000	0	0	0	0.000000	-1.000000
43	0.000000e+000	0.000000e+000	0	0	0	0.000000	-1.000000
44	0.000000e+000	0.000000e+000	0	0	0	0.000000	-1.000000
45	0.000000e+000	0.000000e+000	0	0	0	0.000000	-1.000000
46	0.000000e+000	0.000000e+000	0	0	0	0.000000	-1.000000
47	0.000000e+000	0.000000e+000	0	0	0	0.000000	-1.000000
48	0.000000e+000	0.000000e+000	0	0	0	0.000000	-1.000000
49	0.000000e+000	0.000000e+000	0	0	0	0.000000	-1.000000
50	0.000000e+000	0.000000e+000	0	0	0	0.000000	-1.000000
51	0.000000e+000	0.000000e+000	0	0	0	0.000000	-1.000000
52	0.000000e+000	0.000000e+000	0	0	0	0.000000	-1.000000
53	0.000000e+000	0.000000e+000	0	0	0	0.000000	-1.000000
54	0.000000e+000	0.000000e+000	0	0	0	0.000000	-1.000000
55	0.000000e+000	0.000000e+000	0	0	0	0.000000	-1.000000
56	0.000000e+000	0.000000e+000	0	0	0	0.000000	-1.000000
57	0.000000e+000	0.000000e+000	0	0	0	0.000000	-1.000000
58	0.000000e+000	0.000000e+000	0	0	0	0.000000	-1.000000
59	0.000000e+000	0.000000e+000	0	0	0	0.000000	-1.000000
60	0.000000e+000	0.000000e+000	0	0	0	0.000000	-1.000000
61	0.000000e+000	0.000000e+000	0	0	0	0.000000	-1.000000
62	0.000000e+000	0.000000e+000	0	0	0	0.000000	-1.000000
63	0.000000e+000	0.000000e+000	0	0	0	0.000000	-1.000000
64	0.000000e+000	0.000000e+000	0	0	0	0.000000	-1.000000
65	0.000000e+000	0.000000e+000	0	0	0	0.000000	-1.000000
66	0.000000e+000	0.000000e+000	0	0	0	0.000000	-1.000000
67	0.000000e+000	0.000000e+000	0	0	0	0.000000	-1.000000
68	0.000000e+000	0.000000e+000	0	0	0	0.000000	-1.000000
69	0.000000e+000	0.000000e+000	0	0	0	0.000000	-1.000000
70	0.000000e+000	0.000000e+000	0	0	0	0.000000	-1.000000
71	0.000000e+000	0.000000e+000	0	0	0	0.000000	-1.000000
72	0.000000e+000	0.000000e+000	0	0	0	0.000000	-1.000000
73	0.000000e+000	0.000000e+000	0	0	0	0.000000	-1.000000
74	0.000000e+000	0.000000e+000	0	0	0	0.000000	-1.000000
75	0.000000e+000	0.000000e+000	0	0	0	0.000000	-1.000000
76	0.000000e+000	0.000000e+000	0	0	0	0.000000	-1.000000
77	0.000000e+000	0.000000e+000	0	0	0	0.000000	-1.000000
78	0.000000e+000	0.000000e+000	0	0	0	0.000000	-1.000000
79	0.000000e+000	0.000000e+000	0	0	0	0.000000	-1.000000
80	0.000000e+000	0.000000e+000	0	0	0	0.000000	-1.000000
81	0.000000e+000	0.000000e+000	0	0	0	0.000000	-1.000000
82	0.000000e+000	0.000000e+000	0	0	0	0.000000	-1.000000
83	0.000000e+000	0.000000e+000	0	0	0	0.000000	-1.000000
84	0.000000e+000	0.000000e+000	0	0	0	0.000000	-1.000000
85	0.000000e+000	0.000000e+000	0	0	0	0.000000	-1.000000
86	0.000000e+000	0.000000e+000	0	0	0	0.000000	-1.000000
87	0.000000e+000	0.000000e+000	0	0	0	0.000000	-1.000000
88	0.000000e+000	0.000000e+000	0	0	0	0.000000	-1.000000
89	0.000000e+000	0.000000e+000	0	0	0	0.000000	-1.000000
90	0.000000e+000	0.000000e+000	0	0	0	0.000000	-1.000000
91	0.000000e+000	0.000000e+000	0	0	0	0.000000	-1.000000
92	0.000000e+000	0.000000e+000	0	0	0	0.000000	-1.000000
93	0.000000e+000	0.000000e+000	0	0	0	0.000000	-1.000000
94	0.000000e+000	0.000000e+000	0	0	0	0.000000	-1.000000
95	0.000000e+000	0.000000e+000	0	0	0	0.000000	-1.000000
96	0.000000e+000	0.000000e+000	0	0	0	0.000000	-1.000000
97	0.000000e+000	0.000000e+000	0	0	0	0.000000	-1.000000
98	0.000000e+000	0.000000e+000	0	0	0	0.000000	-1.000000
99	0.000000e+000	0.000000e+000	0	0	0	0.000000	-1.000000
Absolute sum of fract expected-observed in group 3:0.030892
-100	0.000000e+000	0.000000e+000	0	0	0	0.000000	-1.000000
-99	0.000000e+000	0.000000e+000	0	0	0	0.000000	-1.000000
-98	0.000000e+000	0.000000e+000	0	0	0	0.000000	-1.000000
-97	0.000000e+000	0.000000e+000	0	0	0	0.000000	-1.000000
-96	0.000000e+000	0.000000e+000	0	0	0	0.000000	-1.000000
-95	0.000000e+000	0.000000e+000	0	0	0	0.000000	-1.000000
-94	0.000000e+000	0.000000e+000	0	0	0	0.000000	-1.000000
-93	0.000000e+000	0.000000e+000	0	0	0	0.000000	-1.000000
-92	0.000000e+000	0.000000e+000	0	0	0	0.000000	-1.000000
-91	0.000000e+000	0.000000e+000	0	0	0	0.000000	-1.000000
-90	0.000000e+000	0.000000e+000	0	0	0	0.000000	-1.000000
-89	0.000000e+000	0.000000e+000	0	0	0	0.000000	-1.000000
-88	0.000000e+000	0.000000e+000	0	0	0	0.000000	-1.000000
-87	0.000000e+000	0.000000e+000	0	0	0	0.000000	-1.000000
-86	0.000000e+000	0.000000e+000	0	0	0	0.000000	-1.000000
-85	0.000000e+000	0.000000e+000	0	0	0	0.000000	-1.000000
-84	0.000000e+000	0.000000e+000	0	0	0	0.000000	-1.000000
-83	0.000000e+000	0.000000e+000	0	0	0	0.000000	-1.000000
-82	0.000000e+000	0.000000e+000	0	0	0	0.000000	-1.000000
-81	0.000000e+000	0.000000e+000	0	0	0	0.000000	-1.000000
-80	0.000000e+000	0.000000e+000	0	0	0	0.000000	-1.000000
-79	0.000000e+000	0.000000e+000	0	0	0	0.000000	-1.000000
-78	0.000000e+000	0.000000e+000	0	0	0	0.000000	-1.000000
-77	0.000000e+000	0.000000e+000	0	0	0	0.000000	-1.000000
-76	0.000000e+000	0.000000e+000	0	0	0	0.000000	-1.000000
-75	0.000000e+000	0.000000e+000	0	0	0	0.000000	-1.000000
-74	0.000000e+000	0.000000e+000	0	0	0	0.000000	-1.000000
-73	0.000000e+000	0.000000e+000	0	0	0	0.000000	-1.000000
-72	0.000000e+000	0.000000e+000	0	0	0	0.000000	-1.000000
-71	0.000000e+000	0.000000e+000	0	0	0	0.000000	-1.000000
-70	0.000000e+000	0.000000e+000	0	0	0	0.000000	-1.000000
-69	0.000000e+000	0.000000e+000	0	0	0	0.000000	-1.000000
-68	0.000000e+000	0.000000e+000	0	0	0	0.000000	-1.000000
-67	0.000000e+000	0.000000e+000	0	0	0	0.000000	-1.000000
-66	0.000000e+000	0.000000e+000	0	0	0	0.000000	-1.000000
-65	0.000000e+000	0.000000e+000	0	0	0	0.000000	-1.000000
-64	0.000000e+000	0.000000e+000	0	0	0	0.000000	-1.000000
-63	0.000000e+000	0.000000e+000	0	0	0	0.000000	-1.000000
-62	0.000000e+000	0.000000e+000	0	0	0	0.000000	-1.000000
-61	0.000000e+000	0.000000e+000	0	0	0	0.000000	-1.000000
-60	0.000000e+000	0.000000e+000	0	0	0	0.000000	-1.000000
-59	0.000000e+000	0.000000e+000	0	0	0	0.000000	-1.000000
-58	0.000000e+000	0.000000e+000	0	0	0	0.000000	-1.000000
-57	0.000000e+000	0.000000e+000	0	0	0	0.000000	-1.000000
-56	0.000000e+000	0.000000e+000	0	0	0	0.000000	-1.000000
-55	0.000000e+000	0.000000e+000	0	0	0	0.000000	-1.000000
-54	0.000000e+000	0.000000e+000	0	0	0	0.000000	-1.000000
-53	0.000000e+000	0.000000e+000	0	0	0	0.000000	-1.000000
-52	0.000000e+000	0.000000e+000	0	0	0	0.000000	-1.000000
-51	0.000000e+000	0.000000e+000	0	0	0	0.000000	-1.000000
-50	0.000000e+000	0.000000e+000	0	0	0	0.000000	-1.000000
-49	0.000000e+000	0.000000e+000	0	0	0	0.000000	-1.000000
-48	0.000000e+000	0.000000e+000	0	0	0	0.000000	-1.000000
-47	0.000000e+000	0.000000e+000	0	0	0	0.000000	-1.000000
-46	0.000000e+000	0.000000e+000	0	0	0	0.000000	-1.000000
-45	0.000000e+000	0.000000e+000	0	0	0	0.000000	-1.000000
-44	0.000000e+000	0.000000e+000	0	0	0	0.000000	-1.000000
-43	0.000000e+000	0.000000e+000	0	0	0	0.000000	-1.000000
-42	0.000000e+000	0.000000e+000	0	0	0	0.000000	-1.000000
-41	0.000000e+000	0.000000e+000	0	0	0	0.000000	-1.000000
-40	0.000000e+000	0.000000e+000	0	0	0	0.000000	-1.000000
-39	0.000000e+000	0.000000e+000	0	0	0	0.000000	-1.000000
-38	0.000000e+000	0.000000e+000	0	0	0	0.000000	-1.000000
-37	0.000000e+000	0.000000e+000	0	0	0	0.000000	-1.000000
-36	0.000000e+000	0.000000e+000	0	0	0	0.000000	-1.000000
-35	0.000000e+000	0.000000e+000	0	0	0	0.000000	-1.000000
-34	0.000000e+000	0.000000e+000	0	0	0	0.000000	-1.000000
-33	0.000000e+000	0.000000e+000	0	0	0	0.000000	-1.000000
-32	0.000000e+000	0.000000e+000	0	0	0	0.000000	-1.000000
-31	0.000000e+000	0.000000e+000	0	0	0	0.000000	-1.000000
-30	0.000000e+000	0.000000e+000	0	0	0	0.000000	-1.000000
-29	0.000000e+000	0.000000e+000	0	0	0	0.000000	-1.000000
-28	0.000000e+000	0.000000e+000	0	0	0	0.000000	-1.000000
-27	0.000000e+000	0.000000e+000	0	0	0	0.000000	-1.000000
-26	0.000000e+000	0.000000e+000	0	0	0	0.000000	-1.000000
-25	0.000000e+000	0.000000e+000	0	0	0	0.000000	-1.000000
-24	0.000000e+000	0.000000e+000	0	0	0	0.000000	-1.000000
-23	0.000000e+000	0.000000e+000	0	0	0	0.000000	-1.000000
-22	0.000000e+000	0.000000e+000	0	0	0	0.000000	-1.000000
-21	0.000000e+000	0.000000e+000	0	0	0	0.000000	-1.000000
-20	0.000000e+000	0.000000e+000	0	0	0	0.000000	-1.000000
-19	0.000000e+000	0.000000e+000	0	0	0	0.000000	-1.000000
-18	0.000000e+000	0.000000e+000	0	0	0	0.000000	-1.000000
-17	0.000000e+000	0.000000e+000	0	0	0	0.000000	-1.000000
-16	0.000000e+000	0.000000e+000	0	0	0	0.000000	-1.000000
-15	0.000000e+000	0.000000e+000	0	0	0	0.000000	-1.000000
-14	0.000000e+000	0.000000e+000	0	0	0	0.000000	-1.000000
-13	0.000000e+000	0.000000e+000	0	0	0	0.000000	-1.000000
-12	0.000000e+000	0.000000e+000	0	0	0	0.000000	-1.000000
-11	0.000000e+000	0.000000e+000	0	0	0	0.000000	-1.000000
-10	0.000000e+000	0.000000e+000	0	0	0	0.000000	-1.000000
-9	1.601091e-004	0.000000e+000	0	0	0	0.000000	0.000160
-8	5.141535e-004	0.000000e+000	0	0	0	0.000000	0.000514
-7	1.477457e-003	1.841621e-003	0	1	1	1.000000	-0.000361
-6	3.799109e-003	3.683241e-003	2	2	0	1.000000	0.000123
-5	8.741658e-003	9.208103e-003	4	5	1	1.250000	-0.000450
-4	1.799911e-002	1.841621e-002	9	10	1	1.111111	-0.000383
-3	3.316295e-002	3.314917e-002	18	18	0	1.000000	0.000075
-2	5.467646e-002	5.524862e-002	29	30	1	1.034483	-0.000471
-1	8.066640e-002	8.103131e-002	43	44	1	1.023256	-0.000216
0	1.064952e-001	1.068140e-001	57	58	1	1.017544	-0.000122
1	1.258092e-001	1.252302e-001	68	68	0	1.000000	0.000809
2	1.329964e-001	1.325967e-001	72	72	0	1.000000	0.000643
3	1.258092e-001	1.252302e-001	68	68	0	1.000000	0.000809
4	1.064952e-001	1.068140e-001	57	58	1	1.017544	-0.000122
5	8.066640e-002	8.103131e-002	43	44	1	1.023256	-0.000216
6	5.467646e-002	5.340700e-002	29	29	0	1.000000	0.001368
7	3.316295e-002	3.314917e-002	18	18	0	1.000000	0.000075
8	1.799911e-002	1.841621e-002	9	10	1	1.111111	-0.000383
9	8.741658e-003	9.208103e-003	4	5	1	1.250000	-0.000450
10	3.799109e-003	3.683241e-003	2	2	0	1.000000	0.000123
11	1.477457e-003	1.841621e-003	0	1	1	1.000000	-0.000361
12	5.141535e-004	0.000000e+000	0	0	0	0.000000	0.000514
13	1.601091e-004	0.000000e+000	0	0	0	0.000000	0.000160
14	0.000000e+000	0.000000e+000	0	0	0	0.000000	-1.000000
15	0.000000e+000	0.000000e+000	0	0	0	0.000000	-1.000000
16	0.000000e+000	0.000000e+000	0	0	0	0.000000	-1.000000
17	0.000000e+000	0.000000e+000	0	0	0	0.000000	-1.000000
18	0.000000e+000	0.000000e+000	0	0	0	0.000000	-1.000000
19	0.000000e+000	0.000000e+000	0	0	0	0.000000	-1.000000
20	0.000000e+000	0.000000e+000	0	0	0	0.000000	-1.000000
21	0.000000e+000	0.000000e+000	0	0	0	0.000000	-1.000000
22	0.000000e+000	0.000000e+000	0	0	0	0.000000	-1.000000
23	0.000000e+000	0.000000e+000	0	0	0	0.000000	-1.000000
24	0.000000e+000	0.000000e+000	0	0	0	0.000000	-1.000000
25	0.000000e+000	0.000000e+000	0	0	0	0.000000	-1.000000
26	0.000000e+000	0.000000e+000	0	0	0	0.000000	-1.000000
27	0.000000e+000	0.000000e+000	0	0	0	0.000000	-1.000000
28	0.000000e+000	0.000000e+000	0	0	0	0.000000	-1.000000
29	0.000000e+000	0.000000e+000	0	0	0	0.000000	-1.000000
30	0.000000e+000	0.000000e+000	0	0	0	0.000000	-1.000000
31	0.000000e+000	0.000000e+000	0	0	0	0.000000	-1.000000
32	0.000000e+000	0.000000e+000	0	0	0	0.000000	-1.000000
33	0.000000e+000	0.000000e+000	0	0	0	0.000000	-1.000000
34	0.000000e+000	0.000000e+000	0	0	0	0.000000	-1.000000
35	0.000000e+000	0.000000e+000	0	0	0	0.000000	-1.000000
36	0.000000e+000	0.000000e+000	0	0	0	0.000000	-1.000000
37	0.000000e+000	0.000000e+000	0	0	0	0.000000	-1.000000
38	0.000000e+000	0.000000e+000	0	0	0	0.000000	-1.000000
39	0.000000e+000	0.000000e+000	0	0	0	0.000000	-1.000000
40	0.000000e+000	0.000000e+000	0	0	0	0.000000	-1.000000
41	0.000000e+000	0.000000e+000	0	0	0	0.000000	-1.000000
42	0.000000e+000	0.000000e+000	0	0	0	0.000000	-1.000000
43	0.000000e+000	0.000000e+000	0	0	0	0.000000	-1.000000
44	0.000000e+000	0.000000e+000	0	0	0	0.000000	-1.000000
45	0.000000e+000	0.000000e+000	0	0	0	0.000000	-1.000000
46	0.000000e+000	0.000000e+000	0	0	0	0.000000	-1.000000
47	0.000000e+000	0.000000e+000	0	0	0	0.000000	-1.000000
48	0.000000e+000	0.000000e+000	0	0	0	0.000000	-1.000000
49	0.000000e+000	0.000000e+000	0	0	0	0.000000	-1.000000
50	0.000000e+000	0.000000e+000	0	0	0	0.000000	-1.000000
51	0.000000e+000	0.000000e+000	0	0	0	0.000000	-1.000000
52	0.000000e+000	0.000000e+000	0	0	0	0.000000	-1.000000
53	0.000000e+000	0.000000e+000	0	0	0	0.000000	-1.000000
54	0.000000e+000	0.000000e+000	0	0	0	0.000000	-1.000000
55	0.000000e+000	0.000000e+000	0	0	0	0.000000	-1.000000
56	0.000000e+000	0.000000e+000	0	0	0	0.000000	-1.000000
57	0.000000e+000	0.000000e+000	0	0	0	0.000000	-1.000000
58	0.000000e+000	0.000000e+000	0	0	0	0.000000	-1.000000
59	0.000000e+000	0.000000e+000	0	0	0	0.000000	-1.000000
60	0.000000e+000	0.000000e+000	0	0	0	0.000000	-1.000000
61	0.000000e+000	0.000000e+000	0	0	0	0.000000	-1.000000
62	0.000000e+000	0.000000e+000	0	0	0	0.000000	-1.000000
63	0.000000e+000	0.000000e+000	0	0	0	0.000000	-1.000000
64	0.000000e+000	0.000000e+000	0	0	0	0.000000	-1.000000
65	0.000000e+000	0.000000e+000	0	0	0	0.000000	-1.000000
66	0.000000e+000	0.000000e+000	0	0	0	0.000000	-1.000000
67	0.000000e+000	0.000000e+000	0	0	0	0.000000	-1.000000
68	0.000000e+000	0.000000e+000	0	0	0	0.000000	-1.000000
69	0.000000e+000	0.000000e+000	0	0	0	0.000000	-1.000000
70	0.000000e+000	0.000000e+000	0	0	0	0.000000	-1.000000
71	0.000000e+000	0.000000e+000	0	0	0	0.000000	-1.000000
72	0.000000e+000	0.000000e+000	0	0	0	0.000000	-1.000000
73	0.000000e+000	0.000000e+000	0	0	0	0.000000	-1.000000
74	0.000000e+000	0.000000e+000	0	0	0	0.000000	-1.000000
75	0.000000e+000	0.000000e+000	0	0	0	0.000000	-1.000000
76	0.000000e+000	0.000000e+000	0	0	0	0.000000	-1.000000
77	0.000000e+000	0.000000e+000	0	0	0	0.000000	-1.000000
78	0.000000e+000	0.000000e+000	0	0	0	0.000000	-1.000000
79	0.000000e+000	0.000000e+000	0	0	0	0.000000	-1.000000
80	0.000000e+000	0.000000e+000	0	0	0	0.000000	-1.000000
81	0.000000e+000	0.000000e+000	0	0	0	0.000000	-1.000000
82	0.000000e+000	0.000000e+000	0	0	0	0.000000	-1.000000
83	0.000000e+000	0.000000e+000	0	0	0	0.000000	-1.000000
84	0.000000e+000	0.000000e+000	0	0	0	0.000000	-1.000000
85	0.000000e+000	0.000000e+000	0	0	0	0.000000	-1.000000
86	0.000000e+000	0.000000e+000	0	0	0	0.000000	-1.000000
87	0.000000e+000	0.000000e+000	0	0	0	0.000000	-1.000000
88	0.000000e+000	0.000000e+000	0	0	0	0.000000	-1.000000
89	0.000000e+000	0.000000e+000	0	0	0	0.000000	-1.000000
90	0.000000e+000	0.000000e+000	0	0	0	0.000000	-1.000000
91	0.000000e+000	0.000000e+000	0	0	0	0.000000	-1.000000
92	0.000000e+000	0.000000e+000	0	0	0	0.000000	-1.000000
93	0.000000e+000	0.000000e+000	0	0	0	0.000000	-1.000000
94	0.000000e+000	0.000000e+000	0	0	0	0.000000	-1.000000
95	0.000000e+000	0.000000e+000	0	0	0	0.000000	-1.000000
96	0.000000e+000	0.000000e+000	0	0	0	0.000000	-1.000000
97	0.000000e+000	0.000000e+000	0	0	0	0.000000	-1.000000
98	0.000000e+000	0.000000e+000	0	0	0	0.000000	-1.000000
99	0.000000e+000	0.000000e+000	0	0	0	0.000000	-1.000000
Absolute sum of fract expected-observed in group 4:0.039762
writing population (.opop) ..
writing marriages (.omar)..
writing transition hist (.otx)..
total size of pop 18609

living size of pop 6407

living pop group 1  856
living pop group 2  1667
living pop group 3  2300
living pop group 4  1584
